[91m/opt/SAMBA_SHARE/git/BilSrvStation_Server_PC/docs/cut_discr_pc.rst:5: WARNING: Line block ends without a blank line.[39;49;00m
[91m/opt/SAMBA_SHARE/git/BilSrvStation_Server_PC/docs/cut_discr_pc.rst:37: WARNING: Explicit markup ends without a blank line; unexpected unindent.[39;49;00m
[91m/opt/SAMBA_SHARE/git/BilSrvStation_Server_PC/docs/cut_discr_pc.rst:38: WARNING: Line block ends without a blank line.[39;49;00m
[91m/opt/SAMBA_SHARE/git/BilSrvStation_Server_PC/docs/cut_discr_pc.rst:43: WARNING: Explicit markup ends without a blank line; unexpected unindent.[39;49;00m
[91m/opt/SAMBA_SHARE/git/BilSrvStation_Server_PC/docs/cut_discr_pc.rst:44: WARNING: Line block ends without a blank line.[39;49;00m
[91m/opt/SAMBA_SHARE/git/BilSrvStation_Server_PC/docs/cut_discr_pc.rst:52: WARNING: Line block ends without a blank line.[39;49;00m
[91m/opt/SAMBA_SHARE/git/BilSrvStation_Server_PC/docs/cut_discr_pc.rst:104: WARNING: Explicit markup ends without a blank line; unexpected unindent.[39;49;00m
[91m/opt/SAMBA_SHARE/git/BilSrvStation_Server_PC/docs/cut_discr_pc.rst:105: WARNING: Line block ends without a blank line.[39;49;00m
[91m/opt/SAMBA_SHARE/git/BilSrvStation_Server_PC/docs/cut_discr_pc.rst:122: WARNING: Explicit markup ends without a blank line; unexpected unindent.[39;49;00m
[91m/opt/SAMBA_SHARE/git/BilSrvStation_Server_PC/docs/cut_discr_pc.rst:123: WARNING: Line block ends without a blank line.[39;49;00m
[91m/opt/SAMBA_SHARE/git/BilSrvStation_Server_PC/docs/cut_discr_pc.rst:128: WARNING: Explicit markup ends without a blank line; unexpected unindent.[39;49;00m
[91m/opt/SAMBA_SHARE/git/BilSrvStation_Server_PC/docs/cut_discr_pc.rst:129: WARNING: Line block ends without a blank line.[39;49;00m
[91m/opt/SAMBA_SHARE/git/BilSrvStation_Server_PC/docs/cut_discr_pc.rst:184: WARNING: Line block ends without a blank line.[39;49;00m
[91m/opt/SAMBA_SHARE/git/BilSrvStation_Server_PC/docs/cut_discr_pc.rst:275: WARNING: Explicit markup ends without a blank line; unexpected unindent.[39;49;00m
[91m/opt/SAMBA_SHARE/git/BilSrvStation_Server_PC/docs/cut_discr_pc.rst:276: WARNING: Line block ends without a blank line.[39;49;00m
[91m/opt/SAMBA_SHARE/git/BilSrvStation_Server_PC/docs/cut_discr_pc.rst:281: WARNING: Explicit markup ends without a blank line; unexpected unindent.[39;49;00m
[91m/opt/SAMBA_SHARE/git/BilSrvStation_Server_PC/docs/cut_discr_pc.rst:282: WARNING: Line block ends without a blank line.[39;49;00m
[91m/opt/SAMBA_SHARE/git/BilSrvStation_Server_PC/docs/cut_discr_pc.rst:289: WARNING: Explicit markup ends without a blank line; unexpected unindent.[39;49;00m
[91m/opt/SAMBA_SHARE/git/BilSrvStation_Server_PC/docs/cut_discr_pc.rst:290: WARNING: Line block ends without a blank line.[39;49;00m
[91m/opt/SAMBA_SHARE/git/BilSrvStation_Server_PC/docs/cut_discr_pc.rst:296: WARNING: Explicit markup ends without a blank line; unexpected unindent.[39;49;00m
[91m/opt/SAMBA_SHARE/git/BilSrvStation_Server_PC/docs/cut_discr_pc.rst:297: WARNING: Line block ends without a blank line.[39;49;00m
[91m/opt/SAMBA_SHARE/git/BilSrvStation_Server_PC/docs/cut_discr_pc.rst:326: WARNING: Line block ends without a blank line.[39;49;00m
[91m/opt/SAMBA_SHARE/git/BilSrvStation_Server_PC/docs/cut_discr_pc.rst:334: WARNING: Line block ends without a blank line.[39;49;00m
[91m/opt/SAMBA_SHARE/git/BilSrvStation_Server_PC/docs/cut_discr_pc.rst:340: WARNING: Explicit markup ends without a blank line; unexpected unindent.[39;49;00m
[91m/opt/SAMBA_SHARE/git/BilSrvStation_Server_PC/docs/cut_discr_pc.rst:341: WARNING: Line block ends without a blank line.[39;49;00m
[91m/opt/SAMBA_SHARE/git/BilSrvStation_Server_PC/docs/cut_discr_pc.rst:346: WARNING: Explicit markup ends without a blank line; unexpected unindent.[39;49;00m
[91m/opt/SAMBA_SHARE/git/BilSrvStation_Server_PC/docs/cut_discr_pc.rst:347: WARNING: Line block ends without a blank line.[39;49;00m
[91m/opt/SAMBA_SHARE/git/BilSrvStation_Server_PC/docs/cut_discr_pc.rst:359: WARNING: Explicit markup ends without a blank line; unexpected unindent.[39;49;00m
[91m/opt/SAMBA_SHARE/git/BilSrvStation_Server_PC/docs/cut_discr_pc.rst:360: WARNING: Line block ends without a blank line.[39;49;00m
[91m/opt/SAMBA_SHARE/git/BilSrvStation_Server_PC/docs/cut_discr_pc.rst:366: WARNING: Explicit markup ends without a blank line; unexpected unindent.[39;49;00m
[91m/opt/SAMBA_SHARE/git/BilSrvStation_Server_PC/docs/cut_discr_pc.rst:367: WARNING: Line block ends without a blank line.[39;49;00m
[91m/opt/SAMBA_SHARE/git/BilSrvStation_Server_PC/docs/cut_discr_pc.rst:375: WARNING: Explicit markup ends without a blank line; unexpected unindent.[39;49;00m
[91m/opt/SAMBA_SHARE/git/BilSrvStation_Server_PC/docs/cut_discr_pc.rst:376: WARNING: Line block ends without a blank line.[39;49;00m
[91m/opt/SAMBA_SHARE/git/BilSrvStation_Server_PC/docs/cut_discr_pc.rst:390: WARNING: Explicit markup ends without a blank line; unexpected unindent.[39;49;00m
[91m/opt/SAMBA_SHARE/git/BilSrvStation_Server_PC/docs/cut_discr_pc.rst:391: WARNING: Line block ends without a blank line.[39;49;00m
[91m/opt/SAMBA_SHARE/git/BilSrvStation_Server_PC/docs/cut_discr_pc.rst:395: WARNING: Explicit markup ends without a blank line; unexpected unindent.[39;49;00m
[91m/opt/SAMBA_SHARE/git/BilSrvStation_Server_PC/docs/cut_discr_pc.rst:396: WARNING: Line block ends without a blank line.[39;49;00m
[91m/opt/SAMBA_SHARE/git/BilSrvStation_Server_PC/docs/cut_discr_pc.rst:421: WARNING: Explicit markup ends without a blank line; unexpected unindent.[39;49;00m
[91m/opt/SAMBA_SHARE/git/BilSrvStation_Server_PC/docs/cut_discr_pc.rst:422: WARNING: Line block ends without a blank line.[39;49;00m
[91m/opt/SAMBA_SHARE/git/BilSrvStation_Server_PC/docs/cut_discr_pc.rst:428: WARNING: Explicit markup ends without a blank line; unexpected unindent.[39;49;00m
[91m/opt/SAMBA_SHARE/git/BilSrvStation_Server_PC/docs/cut_discr_pc.rst:429: WARNING: Line block ends without a blank line.[39;49;00m
[31m/opt/SAMBA_SHARE/git/BilSrvStation_Server_PC/docs/cut_discr_pc.rst:4: ERROR: Undefined substitution referenced: "author|".[39;49;00m
[91m/opt/SAMBA_SHARE/git/BilSrvStation_Server_PC/docs/cut_discr_pii2.rst:4: WARNING: Line block ends without a blank line.[39;49;00m
[91m/opt/SAMBA_SHARE/git/BilSrvStation_Server_PC/docs/cut_discr_pii2.rst:25: WARNING: Line block ends without a blank line.[39;49;00m
[91m/opt/SAMBA_SHARE/git/BilSrvStation_Server_PC/docs/cut_discr_pii2.rst:29: WARNING: Line block ends without a blank line.[39;49;00m
[91m/opt/SAMBA_SHARE/git/BilSrvStation_Server_PC/docs/cut_discr_pii2.rst:61: WARNING: Line block ends without a blank line.[39;49;00m
[91m/opt/SAMBA_SHARE/git/BilSrvStation_Server_PC/docs/cut_discr_pii2.rst:104: WARNING: Explicit markup ends without a blank line; unexpected unindent.[39;49;00m
[91m/opt/SAMBA_SHARE/git/BilSrvStation_Server_PC/docs/cut_discr_pii2.rst:105: WARNING: Line block ends without a blank line.[39;49;00m
[91m/opt/SAMBA_SHARE/git/BilSrvStation_Server_PC/docs/cut_discr_pii2.rst:123: WARNING: Explicit markup ends without a blank line; unexpected unindent.[39;49;00m
[91m/opt/SAMBA_SHARE/git/BilSrvStation_Server_PC/docs/cut_discr_pii2.rst:124: WARNING: Line block ends without a blank line.[39;49;00m
[91m/opt/SAMBA_SHARE/git/BilSrvStation_Server_PC/docs/cut_discr_pii2.rst:152: WARNING: Explicit markup ends without a blank line; unexpected unindent.[39;49;00m
[91m/opt/SAMBA_SHARE/git/BilSrvStation_Server_PC/docs/cut_discr_pii2.rst:153: WARNING: Line block ends without a blank line.[39;49;00m
[91m/opt/SAMBA_SHARE/git/BilSrvStation_Server_PC/docs/cut_discr_pii2.rst:162: WARNING: Line block ends without a blank line.[39;49;00m
[91m/opt/SAMBA_SHARE/git/BilSrvStation_Server_PC/docs/cut_discr_pii2.rst:184: WARNING: Explicit markup ends without a blank line; unexpected unindent.[39;49;00m
[91m/opt/SAMBA_SHARE/git/BilSrvStation_Server_PC/docs/cut_discr_pii2.rst:201: WARNING: Inline substitution_reference start-string without end-string.[39;49;00m
[91m/opt/SAMBA_SHARE/git/BilSrvStation_Server_PC/docs/cut_discr_pii2.rst:185: WARNING: Line block ends without a blank line.[39;49;00m
[91m/opt/SAMBA_SHARE/git/BilSrvStation_Server_PC/docs/cut_discr_pii2.rst:217: WARNING: Explicit markup ends without a blank line; unexpected unindent.[39;49;00m
[91m/opt/SAMBA_SHARE/git/BilSrvStation_Server_PC/docs/cut_discr_pii2.rst:218: WARNING: Line block ends without a blank line.[39;49;00m
[91m/opt/SAMBA_SHARE/git/BilSrvStation_Server_PC/docs/cut_discr_pii2.rst:219: WARNING: Title underline too short.

01.03.01        SETTINGS NETWORK/INTERFACES
~~~~~~~~~~~~~~~~~~~~~~~~~~~~~~~~~~~~~~~~~[39;49;00m
[91m/opt/SAMBA_SHARE/git/BilSrvStation_Server_PC/docs/cut_discr_pii2.rst:221: WARNING: Line block ends without a blank line.[39;49;00m
[91m/opt/SAMBA_SHARE/git/BilSrvStation_Server_PC/docs/cut_discr_pii2.rst:225: WARNING: Explicit markup ends without a blank line; unexpected unindent.[39;49;00m
[91m/opt/SAMBA_SHARE/git/BilSrvStation_Server_PC/docs/cut_discr_pii2.rst:226: WARNING: Line block ends without a blank line.[39;49;00m
[91m/opt/SAMBA_SHARE/git/BilSrvStation_Server_PC/docs/cut_discr_pii2.rst:227: WARNING: Title underline too short.

01.03.02        SEARCH INTERFACES
~~~~~~~~~~~~~~~~~~~~~~~~~~~~~~~~[39;49;00m
[91m/opt/SAMBA_SHARE/git/BilSrvStation_Server_PC/docs/cut_discr_pii2.rst:227: WARNING: Title underline too short.

01.03.02        SEARCH INTERFACES
~~~~~~~~~~~~~~~~~~~~~~~~~~~~~~~~[39;49;00m
[91m/opt/SAMBA_SHARE/git/BilSrvStation_Server_PC/docs/cut_discr_pii2.rst:229: WARNING: Line block ends without a blank line.[39;49;00m
[91m/opt/SAMBA_SHARE/git/BilSrvStation_Server_PC/docs/cut_discr_pii2.rst:236: WARNING: Explicit markup ends without a blank line; unexpected unindent.[39;49;00m
[91m/opt/SAMBA_SHARE/git/BilSrvStation_Server_PC/docs/cut_discr_pii2.rst:237: WARNING: Line block ends without a blank line.[39;49;00m
[91m/opt/SAMBA_SHARE/git/BilSrvStation_Server_PC/docs/cut_discr_pii2.rst:241: WARNING: Explicit markup ends without a blank line; unexpected unindent.[39;49;00m
[91m/opt/SAMBA_SHARE/git/BilSrvStation_Server_PC/docs/cut_discr_pii2.rst:242: WARNING: Line block ends without a blank line.[39;49;00m
[91m/opt/SAMBA_SHARE/git/BilSrvStation_Server_PC/docs/cut_discr_pii2.rst:258: WARNING: Explicit markup ends without a blank line; unexpected unindent.[39;49;00m
[91m/opt/SAMBA_SHARE/git/BilSrvStation_Server_PC/docs/cut_discr_pii2.rst:259: WARNING: Line block ends without a blank line.[39;49;00m
[91m/opt/SAMBA_SHARE/git/BilSrvStation_Server_PC/docs/cut_discr_pii2.rst:285: WARNING: Explicit markup ends without a blank line; unexpected unindent.[39;49;00m
[91m/opt/SAMBA_SHARE/git/BilSrvStation_Server_PC/docs/cut_discr_pii2.rst:286: WARNING: Line block ends without a blank line.[39;49;00m
[91m/opt/SAMBA_SHARE/git/BilSrvStation_Server_PC/docs/cut_discr_pii2.rst:300: WARNING: Explicit markup ends without a blank line; unexpected unindent.[39;49;00m
[91m/opt/SAMBA_SHARE/git/BilSrvStation_Server_PC/docs/cut_discr_pii2.rst:301: WARNING: Line block ends without a blank line.[39;49;00m
[91m/opt/SAMBA_SHARE/git/BilSrvStation_Server_PC/docs/cut_discr_pii2.rst:326: WARNING: Line block ends without a blank line.[39;49;00m
[91m/opt/SAMBA_SHARE/git/BilSrvStation_Server_PC/docs/cut_discr_pii2.rst:334: WARNING: Explicit markup ends without a blank line; unexpected unindent.[39;49;00m
[91m/opt/SAMBA_SHARE/git/BilSrvStation_Server_PC/docs/cut_discr_pii2.rst:335: WARNING: Line block ends without a blank line.[39;49;00m
[91m/opt/SAMBA_SHARE/git/BilSrvStation_Server_PC/docs/cut_discr_pii2.rst:341: WARNING: Explicit markup ends without a blank line; unexpected unindent.[39;49;00m
[91m/opt/SAMBA_SHARE/git/BilSrvStation_Server_PC/docs/cut_discr_pii2.rst:342: WARNING: Inline emphasis start-string without end-string.[39;49;00m
[91m/opt/SAMBA_SHARE/git/BilSrvStation_Server_PC/docs/cut_discr_pii2.rst:342: WARNING: Line block ends without a blank line.[39;49;00m
[91m/opt/SAMBA_SHARE/git/BilSrvStation_Server_PC/docs/cut_discr_pii2.rst:358: WARNING: Explicit markup ends without a blank line; unexpected unindent.[39;49;00m
[91m/opt/SAMBA_SHARE/git/BilSrvStation_Server_PC/docs/cut_discr_pii2.rst:359: WARNING: Line block ends without a blank line.[39;49;00m
[91m/opt/SAMBA_SHARE/git/BilSrvStation_Server_PC/docs/cut_discr_pii2.rst:368: WARNING: Explicit markup ends without a blank line; unexpected unindent.[39;49;00m
[91m/opt/SAMBA_SHARE/git/BilSrvStation_Server_PC/docs/cut_discr_pii2.rst:369: WARNING: Line block ends without a blank line.[39;49;00m
[91m/opt/SAMBA_SHARE/git/BilSrvStation_Server_PC/docs/cut_discr_pii2.rst:376: WARNING: Explicit markup ends without a blank line; unexpected unindent.[39;49;00m
[91m/opt/SAMBA_SHARE/git/BilSrvStation_Server_PC/docs/cut_discr_pii2.rst:377: WARNING: Line block ends without a blank line.[39;49;00m
[91m/opt/SAMBA_SHARE/git/BilSrvStation_Server_PC/docs/cut_discr_pii2.rst:387: WARNING: Explicit markup ends without a blank line; unexpected unindent.[39;49;00m
[91m/opt/SAMBA_SHARE/git/BilSrvStation_Server_PC/docs/cut_discr_pii2.rst:388: WARNING: Line block ends without a blank line.[39;49;00m
[91m/opt/SAMBA_SHARE/git/BilSrvStation_Server_PC/docs/cut_discr_pii2.rst:397: WARNING: Explicit markup ends without a blank line; unexpected unindent.[39;49;00m
[91m/opt/SAMBA_SHARE/git/BilSrvStation_Server_PC/docs/cut_discr_pii2.rst:398: WARNING: Line block ends without a blank line.[39;49;00m
[91m/opt/SAMBA_SHARE/git/BilSrvStation_Server_PC/docs/cut_discr_pii2.rst:405: WARNING: Explicit markup ends without a blank line; unexpected unindent.[39;49;00m
[91m/opt/SAMBA_SHARE/git/BilSrvStation_Server_PC/docs/cut_discr_pii2.rst:406: WARNING: Line block ends without a blank line.[39;49;00m
[91m/opt/SAMBA_SHARE/git/BilSrvStation_Server_PC/docs/cut_discr_pii2.rst:412: WARNING: Explicit markup ends without a blank line; unexpected unindent.[39;49;00m
[91m/opt/SAMBA_SHARE/git/BilSrvStation_Server_PC/docs/cut_discr_pii2.rst:413: WARNING: Line block ends without a blank line.[39;49;00m
[91m/opt/SAMBA_SHARE/git/BilSrvStation_Server_PC/docs/cut_discr_pii2.rst:422: WARNING: Explicit markup ends without a blank line; unexpected unindent.[39;49;00m
[91m/opt/SAMBA_SHARE/git/BilSrvStation_Server_PC/docs/cut_discr_pii2.rst:423: WARNING: Line block ends without a blank line.[39;49;00m
[91m/opt/SAMBA_SHARE/git/BilSrvStation_Server_PC/docs/cut_discr_pii2.rst:440: WARNING: Explicit markup ends without a blank line; unexpected unindent.[39;49;00m
[91m/opt/SAMBA_SHARE/git/BilSrvStation_Server_PC/docs/cut_discr_pii2.rst:441: WARNING: Line block ends without a blank line.[39;49;00m
[91m/opt/SAMBA_SHARE/git/BilSrvStation_Server_PC/docs/cut_discr_pii2.rst:451: WARNING: Explicit markup ends without a blank line; unexpected unindent.[39;49;00m
[91m/opt/SAMBA_SHARE/git/BilSrvStation_Server_PC/docs/cut_discr_pii2.rst:452: WARNING: Line block ends without a blank line.[39;49;00m
[91m/opt/SAMBA_SHARE/git/BilSrvStation_Server_PC/docs/cut_discr_pii2.rst:462: WARNING: Explicit markup ends without a blank line; unexpected unindent.[39;49;00m
[91m/opt/SAMBA_SHARE/git/BilSrvStation_Server_PC/docs/cut_discr_pii2.rst:463: WARNING: Line block ends without a blank line.[39;49;00m
[91m/opt/SAMBA_SHARE/git/BilSrvStation_Server_PC/docs/cut_discr_pii2.rst:473: WARNING: Explicit markup ends without a blank line; unexpected unindent.[39;49;00m
[91m/opt/SAMBA_SHARE/git/BilSrvStation_Server_PC/docs/cut_discr_pii2.rst:474: WARNING: Line block ends without a blank line.[39;49;00m
[91m/opt/SAMBA_SHARE/git/BilSrvStation_Server_PC/docs/cut_discr_pii2.rst:483: WARNING: Explicit markup ends without a blank line; unexpected unindent.[39;49;00m
[91m/opt/SAMBA_SHARE/git/BilSrvStation_Server_PC/docs/cut_discr_pii2.rst:484: WARNING: Line block ends without a blank line.[39;49;00m
[91m/opt/SAMBA_SHARE/git/BilSrvStation_Server_PC/docs/cut_discr_pii2.rst:490: WARNING: Explicit markup ends without a blank line; unexpected unindent.[39;49;00m
[91m/opt/SAMBA_SHARE/git/BilSrvStation_Server_PC/docs/cut_discr_pii2.rst:491: WARNING: Line block ends without a blank line.[39;49;00m
[91m/opt/SAMBA_SHARE/git/BilSrvStation_Server_PC/docs/cut_discr_pii2.rst:501: WARNING: Explicit markup ends without a blank line; unexpected unindent.[39;49;00m
[91m/opt/SAMBA_SHARE/git/BilSrvStation_Server_PC/docs/cut_discr_pii2.rst:502: WARNING: Line block ends without a blank line.[39;49;00m
[91m/opt/SAMBA_SHARE/git/BilSrvStation_Server_PC/docs/cut_discr_pii2.rst:503: WARNING: Title underline too short.

01.03.02        restart service
~~~~~~~~~~~~~~~~~~~~~~~~~~~~~[39;49;00m
[91m/opt/SAMBA_SHARE/git/BilSrvStation_Server_PC/docs/cut_discr_pii2.rst:503: WARNING: Title underline too short.

01.03.02        restart service
~~~~~~~~~~~~~~~~~~~~~~~~~~~~~[39;49;00m
[91m/opt/SAMBA_SHARE/git/BilSrvStation_Server_PC/docs/cut_discr_pii2.rst:513: WARNING: Explicit markup ends without a blank line; unexpected unindent.[39;49;00m
[91m/opt/SAMBA_SHARE/git/BilSrvStation_Server_PC/docs/cut_discr_pii2.rst:514: WARNING: Line block ends without a blank line.[39;49;00m
[91m/opt/SAMBA_SHARE/git/BilSrvStation_Server_PC/docs/cut_discr_pii2.rst:515: WARNING: Title underline too short.

01.04           Update distribution
--------------------------------[39;49;00m
[91m/opt/SAMBA_SHARE/git/BilSrvStation_Server_PC/docs/cut_discr_pii2.rst:515: WARNING: Title underline too short.

01.04           Update distribution
--------------------------------[39;49;00m
[91m/opt/SAMBA_SHARE/git/BilSrvStation_Server_PC/docs/cut_discr_pii2.rst:526: WARNING: Explicit markup ends without a blank line; unexpected unindent.[39;49;00m
[91m/opt/SAMBA_SHARE/git/BilSrvStation_Server_PC/docs/cut_discr_pii2.rst:527: WARNING: Line block ends without a blank line.[39;49;00m
[91m/opt/SAMBA_SHARE/git/BilSrvStation_Server_PC/docs/cut_discr_pii2.rst:537: WARNING: Explicit markup ends without a blank line; unexpected unindent.[39;49;00m
[91m/opt/SAMBA_SHARE/git/BilSrvStation_Server_PC/docs/cut_discr_pii2.rst:538: WARNING: Line block ends without a blank line.[39;49;00m
[91m/opt/SAMBA_SHARE/git/BilSrvStation_Server_PC/docs/cut_discr_pii2.rst:555: WARNING: Explicit markup ends without a blank line; unexpected unindent.[39;49;00m
[91m/opt/SAMBA_SHARE/git/BilSrvStation_Server_PC/docs/cut_discr_pii2.rst:556: WARNING: Line block ends without a blank line.[39;49;00m
[91m/opt/SAMBA_SHARE/git/BilSrvStation_Server_PC/docs/cut_discr_pii2.rst:573: WARNING: Explicit markup ends without a blank line; unexpected unindent.[39;49;00m
[91m/opt/SAMBA_SHARE/git/BilSrvStation_Server_PC/docs/cut_discr_pii2.rst:574: WARNING: Line block ends without a blank line.[39;49;00m
[91m/opt/SAMBA_SHARE/git/BilSrvStation_Server_PC/docs/cut_discr_pii2.rst:581: WARNING: Explicit markup ends without a blank line; unexpected unindent.[39;49;00m
[91m/opt/SAMBA_SHARE/git/BilSrvStation_Server_PC/docs/cut_discr_pii2.rst:582: WARNING: Line block ends without a blank line.[39;49;00m
[91m/opt/SAMBA_SHARE/git/BilSrvStation_Server_PC/docs/cut_discr_pii2.rst:607: WARNING: Line block ends without a blank line.[39;49;00m
[91m/opt/SAMBA_SHARE/git/BilSrvStation_Server_PC/docs/cut_discr_pii2.rst:608: WARNING: Title underline too short.

01.05           Install drivers
---------------------------[39;49;00m
[91m/opt/SAMBA_SHARE/git/BilSrvStation_Server_PC/docs/cut_discr_pii2.rst:608: WARNING: Title underline too short.

01.05           Install drivers
---------------------------[39;49;00m
[91m/opt/SAMBA_SHARE/git/BilSrvStation_Server_PC/docs/cut_discr_pii2.rst:610: WARNING: Line block ends without a blank line.[39;49;00m
[91m/opt/SAMBA_SHARE/git/BilSrvStation_Server_PC/docs/cut_discr_pii2.rst:624: WARNING: Explicit markup ends without a blank line; unexpected unindent.[39;49;00m
[91m/opt/SAMBA_SHARE/git/BilSrvStation_Server_PC/docs/cut_discr_pii2.rst:625: WARNING: Line block ends without a blank line.[39;49;00m
[91m/opt/SAMBA_SHARE/git/BilSrvStation_Server_PC/docs/cut_discr_pii2.rst:637: WARNING: Explicit markup ends without a blank line; unexpected unindent.[39;49;00m
[91m/opt/SAMBA_SHARE/git/BilSrvStation_Server_PC/docs/cut_discr_pii2.rst:638: WARNING: Line block ends without a blank line.[39;49;00m
[91m/opt/SAMBA_SHARE/git/BilSrvStation_Server_PC/docs/cut_discr_pii2.rst:639: WARNING: Title underline too short.

01.05.01        Install SElinux utils & acl
~~~~~~~~~~~~~~~~~~~~~~~~~~~~~~~~~~~~~~~~~[39;49;00m
[91m/opt/SAMBA_SHARE/git/BilSrvStation_Server_PC/docs/cut_discr_pii2.rst:649: WARNING: Explicit markup ends without a blank line; unexpected unindent.[39;49;00m
[91m/opt/SAMBA_SHARE/git/BilSrvStation_Server_PC/docs/cut_discr_pii2.rst:650: WARNING: Line block ends without a blank line.[39;49;00m
[91m/opt/SAMBA_SHARE/git/BilSrvStation_Server_PC/docs/cut_discr_pii2.rst:664: WARNING: Explicit markup ends without a blank line; unexpected unindent.[39;49;00m
[91m/opt/SAMBA_SHARE/git/BilSrvStation_Server_PC/docs/cut_discr_pii2.rst:665: WARNING: Line block ends without a blank line.[39;49;00m
[91m/opt/SAMBA_SHARE/git/BilSrvStation_Server_PC/docs/cut_discr_pii2.rst:666: WARNING: Title underline too short.

01.05.02        Reboot
~~~~~~~~~~~~~~~~~~~~[39;49;00m
[91m/opt/SAMBA_SHARE/git/BilSrvStation_Server_PC/docs/cut_discr_pii2.rst:666: WARNING: Title underline too short.

01.05.02        Reboot
~~~~~~~~~~~~~~~~~~~~[39;49;00m
[91m/opt/SAMBA_SHARE/git/BilSrvStation_Server_PC/docs/cut_discr_pii2.rst:672: WARNING: Explicit markup ends without a blank line; unexpected unindent.[39;49;00m
[91m/opt/SAMBA_SHARE/git/BilSrvStation_Server_PC/docs/cut_discr_pii2.rst:673: WARNING: Line block ends without a blank line.[39;49;00m
[91m/opt/SAMBA_SHARE/git/BilSrvStation_Server_PC/docs/cut_discr_pii2.rst:674: WARNING: Title underline too short.

01.06           Install git && nanorc [step_three]
----------------------------------------------[39;49;00m
[91m/opt/SAMBA_SHARE/git/BilSrvStation_Server_PC/docs/cut_discr_pii2.rst:674: WARNING: Title underline too short.

01.06           Install git && nanorc [step_three]
----------------------------------------------[39;49;00m
[91m/opt/SAMBA_SHARE/git/BilSrvStation_Server_PC/docs/cut_discr_pii2.rst:680: WARNING: Explicit markup ends without a blank line; unexpected unindent.[39;49;00m
[91m/opt/SAMBA_SHARE/git/BilSrvStation_Server_PC/docs/cut_discr_pii2.rst:681: WARNING: Line block ends without a blank line.[39;49;00m
[91m/opt/SAMBA_SHARE/git/BilSrvStation_Server_PC/docs/cut_discr_pii2.rst:695: WARNING: Explicit markup ends without a blank line; unexpected unindent.[39;49;00m
[91m/opt/SAMBA_SHARE/git/BilSrvStation_Server_PC/docs/cut_discr_pii2.rst:741: WARNING: Inline emphasis start-string without end-string.[39;49;00m
[91m/opt/SAMBA_SHARE/git/BilSrvStation_Server_PC/docs/cut_discr_pii2.rst:696: WARNING: Line block ends without a blank line.[39;49;00m
[91m/opt/SAMBA_SHARE/git/BilSrvStation_Server_PC/docs/cut_discr_pii2.rst:747: WARNING: Explicit markup ends without a blank line; unexpected unindent.[39;49;00m
[91m/opt/SAMBA_SHARE/git/BilSrvStation_Server_PC/docs/cut_discr_pii2.rst:748: WARNING: Line block ends without a blank line.[39;49;00m
[91m/opt/SAMBA_SHARE/git/BilSrvStation_Server_PC/docs/cut_discr_pii2.rst:760: WARNING: Explicit markup ends without a blank line; unexpected unindent.[39;49;00m
[91m/opt/SAMBA_SHARE/git/BilSrvStation_Server_PC/docs/cut_discr_pii2.rst:761: WARNING: Line block ends without a blank line.[39;49;00m
[91m/opt/SAMBA_SHARE/git/BilSrvStation_Server_PC/docs/cut_discr_pii2.rst:763: WARNING: Title underline too short.

01.07           Copy dir
---------------------[39;49;00m
[91m/opt/SAMBA_SHARE/git/BilSrvStation_Server_PC/docs/cut_discr_pii2.rst:763: WARNING: Title underline too short.

01.07           Copy dir
---------------------[39;49;00m
[91m/opt/SAMBA_SHARE/git/BilSrvStation_Server_PC/docs/cut_discr_pii2.rst:765: WARNING: Line block ends without a blank line.[39;49;00m
[91m/opt/SAMBA_SHARE/git/BilSrvStation_Server_PC/docs/cut_discr_pii2.rst:769: WARNING: Explicit markup ends without a blank line; unexpected unindent.[39;49;00m
[91m/opt/SAMBA_SHARE/git/BilSrvStation_Server_PC/docs/cut_discr_pii2.rst:770: WARNING: Line block ends without a blank line.[39;49;00m
[91m/opt/SAMBA_SHARE/git/BilSrvStation_Server_PC/docs/cut_discr_pii2.rst:781: WARNING: Explicit markup ends without a blank line; unexpected unindent.[39;49;00m
[91m/opt/SAMBA_SHARE/git/BilSrvStation_Server_PC/docs/cut_discr_pii2.rst:782: WARNING: Line block ends without a blank line.[39;49;00m
[91m/opt/SAMBA_SHARE/git/BilSrvStation_Server_PC/docs/cut_discr_pii2.rst:790: WARNING: Explicit markup ends without a blank line; unexpected unindent.[39;49;00m
[91m/opt/SAMBA_SHARE/git/BilSrvStation_Server_PC/docs/cut_discr_pii2.rst:791: WARNING: Line block ends without a blank line.[39;49;00m
[91m/opt/SAMBA_SHARE/git/BilSrvStation_Server_PC/docs/cut_discr_pii2.rst:797: WARNING: Title underline too short.

01.08           Install utils [step_five]
-------------------------------------[39;49;00m
[91m/opt/SAMBA_SHARE/git/BilSrvStation_Server_PC/docs/cut_discr_pii2.rst:797: WARNING: Title underline too short.

01.08           Install utils [step_five]
-------------------------------------[39;49;00m
[91m/opt/SAMBA_SHARE/git/BilSrvStation_Server_PC/docs/cut_discr_pii2.rst:802: WARNING: Explicit markup ends without a blank line; unexpected unindent.[39;49;00m
[91m/opt/SAMBA_SHARE/git/BilSrvStation_Server_PC/docs/cut_discr_pii2.rst:803: WARNING: Line block ends without a blank line.[39;49;00m
[91m/opt/SAMBA_SHARE/git/BilSrvStation_Server_PC/docs/cut_discr_pii2.rst:813: WARNING: Explicit markup ends without a blank line; unexpected unindent.[39;49;00m
[91m/opt/SAMBA_SHARE/git/BilSrvStation_Server_PC/docs/cut_discr_pii2.rst:814: WARNING: Line block ends without a blank line.[39;49;00m
[91m/opt/SAMBA_SHARE/git/BilSrvStation_Server_PC/docs/cut_discr_pii2.rst:829: WARNING: Explicit markup ends without a blank line; unexpected unindent.[39;49;00m
[91m/opt/SAMBA_SHARE/git/BilSrvStation_Server_PC/docs/cut_discr_pii2.rst:830: WARNING: Line block ends without a blank line.[39;49;00m
[91m/opt/SAMBA_SHARE/git/BilSrvStation_Server_PC/docs/cut_discr_pii2.rst:848: WARNING: Explicit markup ends without a blank line; unexpected unindent.[39;49;00m
[91m/opt/SAMBA_SHARE/git/BilSrvStation_Server_PC/docs/cut_discr_pii2.rst:849: WARNING: Line block ends without a blank line.[39;49;00m
[91m/opt/SAMBA_SHARE/git/BilSrvStation_Server_PC/docs/cut_discr_pii2.rst:878: WARNING: Explicit markup ends without a blank line; unexpected unindent.[39;49;00m
[91m/opt/SAMBA_SHARE/git/BilSrvStation_Server_PC/docs/cut_discr_pii2.rst:879: WARNING: Line block ends without a blank line.[39;49;00m
[91m/opt/SAMBA_SHARE/git/BilSrvStation_Server_PC/docs/cut_discr_pii2.rst:893: WARNING: Explicit markup ends without a blank line; unexpected unindent.[39;49;00m
[91m/opt/SAMBA_SHARE/git/BilSrvStation_Server_PC/docs/cut_discr_pii2.rst:894: WARNING: Line block ends without a blank line.[39;49;00m
[91m/opt/SAMBA_SHARE/git/BilSrvStation_Server_PC/docs/cut_discr_pii2.rst:899: WARNING: Explicit markup ends without a blank line; unexpected unindent.[39;49;00m
[91m/opt/SAMBA_SHARE/git/BilSrvStation_Server_PC/docs/cut_discr_pii2.rst:900: WARNING: Line block ends without a blank line.[39;49;00m
[91m/opt/SAMBA_SHARE/git/BilSrvStation_Server_PC/docs/cut_discr_pii2.rst:904: WARNING: Explicit markup ends without a blank line; unexpected unindent.[39;49;00m
[91m/opt/SAMBA_SHARE/git/BilSrvStation_Server_PC/docs/cut_discr_pii2.rst:905: WARNING: Line block ends without a blank line.[39;49;00m
[91m/opt/SAMBA_SHARE/git/BilSrvStation_Server_PC/docs/cut_discr_pii2.rst:911: WARNING: Explicit markup ends without a blank line; unexpected unindent.[39;49;00m
[91m/opt/SAMBA_SHARE/git/BilSrvStation_Server_PC/docs/cut_discr_pii2.rst:912: WARNING: Line block ends without a blank line.[39;49;00m
[91m/opt/SAMBA_SHARE/git/BilSrvStation_Server_PC/docs/cut_discr_pii2.rst:926: WARNING: Line block ends without a blank line.[39;49;00m
[91m/opt/SAMBA_SHARE/git/BilSrvStation_Server_PC/docs/cut_discr_pii2.rst:948: WARNING: Line block ends without a blank line.[39;49;00m
[91m/opt/SAMBA_SHARE/git/BilSrvStation_Server_PC/docs/cut_discr_pii2.rst:964: WARNING: Explicit markup ends without a blank line; unexpected unindent.[39;49;00m
[91m/opt/SAMBA_SHARE/git/BilSrvStation_Server_PC/docs/cut_discr_pii2.rst:965: WARNING: Line block ends without a blank line.[39;49;00m
[91m/opt/SAMBA_SHARE/git/BilSrvStation_Server_PC/docs/cut_discr_pii2.rst:986: WARNING: Line block ends without a blank line.[39;49;00m
[91m/opt/SAMBA_SHARE/git/BilSrvStation_Server_PC/docs/cut_discr_pii2.rst:991: WARNING: Title underline too short.

01.09           Install driver opt and acc [step_six]
-------------------------------------------------[39;49;00m
[91m/opt/SAMBA_SHARE/git/BilSrvStation_Server_PC/docs/cut_discr_pii2.rst:991: WARNING: Title underline too short.

01.09           Install driver opt and acc [step_six]
-------------------------------------------------[39;49;00m
[91m/opt/SAMBA_SHARE/git/BilSrvStation_Server_PC/docs/cut_discr_pii2.rst:998: WARNING: Explicit markup ends without a blank line; unexpected unindent.[39;49;00m
[91m/opt/SAMBA_SHARE/git/BilSrvStation_Server_PC/docs/cut_discr_pii2.rst:999: WARNING: Line block ends without a blank line.[39;49;00m
[91m/opt/SAMBA_SHARE/git/BilSrvStation_Server_PC/docs/cut_discr_pii2.rst:1000: WARNING: Title underline too short.

01.09.01        create disk /opt/
~~~~~~~~~~~~~~~~~~~~~~~~~~~~~~~[39;49;00m
[91m/opt/SAMBA_SHARE/git/BilSrvStation_Server_PC/docs/cut_discr_pii2.rst:1002: WARNING: Title underline too short.

01.09.02        search /dev/s**
~~~~~~~~~~~~~~~~~~~~~~~~~~~~~[39;49;00m
[91m/opt/SAMBA_SHARE/git/BilSrvStation_Server_PC/docs/cut_discr_pii2.rst:1002: WARNING: Title underline too short.

01.09.02        search /dev/s**
~~~~~~~~~~~~~~~~~~~~~~~~~~~~~[39;49;00m
[91m/opt/SAMBA_SHARE/git/BilSrvStation_Server_PC/docs/cut_discr_pii2.rst:1004: WARNING: Line block ends without a blank line.[39;49;00m
[91m/opt/SAMBA_SHARE/git/BilSrvStation_Server_PC/docs/cut_discr_pii2.rst:1018: WARNING: Line block ends without a blank line.[39;49;00m
[91m/opt/SAMBA_SHARE/git/BilSrvStation_Server_PC/docs/cut_discr_pii2.rst:1024: WARNING: Title underline too short.

01.09.03        mount /dev/s**
~~~~~~~~~~~~~~~~~~~~~~~~~~~~[39;49;00m
[91m/opt/SAMBA_SHARE/git/BilSrvStation_Server_PC/docs/cut_discr_pii2.rst:1024: WARNING: Title underline too short.

01.09.03        mount /dev/s**
~~~~~~~~~~~~~~~~~~~~~~~~~~~~[39;49;00m
[91m/opt/SAMBA_SHARE/git/BilSrvStation_Server_PC/docs/cut_discr_pii2.rst:1033: WARNING: Line block ends without a blank line.[39;49;00m
[91m/opt/SAMBA_SHARE/git/BilSrvStation_Server_PC/docs/cut_discr_pii2.rst:1042: WARNING: Explicit markup ends without a blank line; unexpected unindent.[39;49;00m
[91m/opt/SAMBA_SHARE/git/BilSrvStation_Server_PC/docs/cut_discr_pii2.rst:1043: WARNING: Line block ends without a blank line.[39;49;00m
[91m/opt/SAMBA_SHARE/git/BilSrvStation_Server_PC/docs/cut_discr_pii2.rst:1055: WARNING: Explicit markup ends without a blank line; unexpected unindent.[39;49;00m
[91m/opt/SAMBA_SHARE/git/BilSrvStation_Server_PC/docs/cut_discr_pii2.rst:1056: WARNING: Line block ends without a blank line.[39;49;00m
[91m/opt/SAMBA_SHARE/git/BilSrvStation_Server_PC/docs/cut_discr_pii2.rst:1060: WARNING: Explicit markup ends without a blank line; unexpected unindent.[39;49;00m
[91m/opt/SAMBA_SHARE/git/BilSrvStation_Server_PC/docs/cut_discr_pii2.rst:1061: WARNING: Line block ends without a blank line.[39;49;00m
[91m/opt/SAMBA_SHARE/git/BilSrvStation_Server_PC/docs/cut_discr_pii2.rst:1078: WARNING: Line block ends without a blank line.[39;49;00m
[91m/opt/SAMBA_SHARE/git/BilSrvStation_Server_PC/docs/cut_discr_pii2.rst:1092: WARNING: Line block ends without a blank line.[39;49;00m
[91m/opt/SAMBA_SHARE/git/BilSrvStation_Server_PC/docs/cut_discr_pii2.rst:1096: WARNING: Title underline too short.

01.10           Create users and groups
-----------------------------------[39;49;00m
[91m/opt/SAMBA_SHARE/git/BilSrvStation_Server_PC/docs/cut_discr_pii2.rst:1096: WARNING: Title underline too short.

01.10           Create users and groups
-----------------------------------[39;49;00m
[91m/opt/SAMBA_SHARE/git/BilSrvStation_Server_PC/docs/cut_discr_pii2.rst:1106: WARNING: Line block ends without a blank line.[39;49;00m
[91m/opt/SAMBA_SHARE/git/BilSrvStation_Server_PC/docs/cut_discr_pii2.rst:1109: WARNING: Title underline too short.

01.10.01                Create users and groups
~~~~~~~~~~~~~~~~~~~~~~~~~~~~~~~~~~~~~~[39;49;00m
[91m/opt/SAMBA_SHARE/git/BilSrvStation_Server_PC/docs/cut_discr_pii2.rst:1111: WARNING: Line block ends without a blank line.[39;49;00m
[91m/opt/SAMBA_SHARE/git/BilSrvStation_Server_PC/docs/cut_discr_pii2.rst:1141: WARNING: Explicit markup ends without a blank line; unexpected unindent.[39;49;00m
[91m/opt/SAMBA_SHARE/git/BilSrvStation_Server_PC/docs/cut_discr_pii2.rst:1142: WARNING: Line block ends without a blank line.[39;49;00m
[91m/opt/SAMBA_SHARE/git/BilSrvStation_Server_PC/docs/cut_discr_pii2.rst:1146: WARNING: Explicit markup ends without a blank line; unexpected unindent.[39;49;00m
[91m/opt/SAMBA_SHARE/git/BilSrvStation_Server_PC/docs/cut_discr_pii2.rst:1147: WARNING: Line block ends without a blank line.[39;49;00m
[91m/opt/SAMBA_SHARE/git/BilSrvStation_Server_PC/docs/cut_discr_pii2.rst:1154: WARNING: Explicit markup ends without a blank line; unexpected unindent.[39;49;00m
[91m/opt/SAMBA_SHARE/git/BilSrvStation_Server_PC/docs/cut_discr_pii2.rst:1155: WARNING: Line block ends without a blank line.[39;49;00m
[91m/opt/SAMBA_SHARE/git/BilSrvStation_Server_PC/docs/cut_discr_pii2.rst:1172: WARNING: Explicit markup ends without a blank line; unexpected unindent.[39;49;00m
[91m/opt/SAMBA_SHARE/git/BilSrvStation_Server_PC/docs/cut_discr_pii2.rst:1173: WARNING: Line block ends without a blank line.[39;49;00m
[91m/opt/SAMBA_SHARE/git/BilSrvStation_Server_PC/docs/cut_discr_pii2.rst:1178: WARNING: Line block ends without a blank line.[39;49;00m
[91m/opt/SAMBA_SHARE/git/BilSrvStation_Server_PC/docs/cut_discr_pii2.rst:1179: WARNING: Title underline too short.

01.10.02                Create ssh_ssl
~~~~~~~~~~~~~~~~~~~~~~~~~~~~~[39;49;00m
[91m/opt/SAMBA_SHARE/git/BilSrvStation_Server_PC/docs/cut_discr_pii2.rst:1179: WARNING: Title underline too short.

01.10.02                Create ssh_ssl
~~~~~~~~~~~~~~~~~~~~~~~~~~~~~[39;49;00m
[91m/opt/SAMBA_SHARE/git/BilSrvStation_Server_PC/docs/cut_discr_pii2.rst:1181: WARNING: Line block ends without a blank line.[39;49;00m
[91m/opt/SAMBA_SHARE/git/BilSrvStation_Server_PC/docs/cut_discr_pii2.rst:1183: WARNING: Title underline too short.

01.10.03        Install ssh settings
~~~~~~~~~~~~~~~~~~~~~~~~~~~~~~~~~~[39;49;00m
[91m/opt/SAMBA_SHARE/git/BilSrvStation_Server_PC/docs/cut_discr_pii2.rst:1183: WARNING: Title underline too short.

01.10.03        Install ssh settings
~~~~~~~~~~~~~~~~~~~~~~~~~~~~~~~~~~[39;49;00m
[91m/opt/SAMBA_SHARE/git/BilSrvStation_Server_PC/docs/cut_discr_pii2.rst:1190: WARNING: Explicit markup ends without a blank line; unexpected unindent.[39;49;00m
[91m/opt/SAMBA_SHARE/git/BilSrvStation_Server_PC/docs/cut_discr_pii2.rst:1191: WARNING: Line block ends without a blank line.[39;49;00m
[91m/opt/SAMBA_SHARE/git/BilSrvStation_Server_PC/docs/cut_discr_pii2.rst:1197: WARNING: Explicit markup ends without a blank line; unexpected unindent.[39;49;00m
[91m/opt/SAMBA_SHARE/git/BilSrvStation_Server_PC/docs/cut_discr_pii2.rst:1198: WARNING: Line block ends without a blank line.[39;49;00m
[91m/opt/SAMBA_SHARE/git/BilSrvStation_Server_PC/docs/cut_discr_pii2.rst:1204: WARNING: Explicit markup ends without a blank line; unexpected unindent.[39;49;00m
[91m/opt/SAMBA_SHARE/git/BilSrvStation_Server_PC/docs/cut_discr_pii2.rst:1205: WARNING: Line block ends without a blank line.[39;49;00m
[91m/opt/SAMBA_SHARE/git/BilSrvStation_Server_PC/docs/cut_discr_pii2.rst:1211: WARNING: Explicit markup ends without a blank line; unexpected unindent.[39;49;00m
[91m/opt/SAMBA_SHARE/git/BilSrvStation_Server_PC/docs/cut_discr_pii2.rst:1212: WARNING: Line block ends without a blank line.[39;49;00m
[91m/opt/SAMBA_SHARE/git/BilSrvStation_Server_PC/docs/cut_discr_pii2.rst:1218: WARNING: Explicit markup ends without a blank line; unexpected unindent.[39;49;00m
[91m/opt/SAMBA_SHARE/git/BilSrvStation_Server_PC/docs/cut_discr_pii2.rst:1219: WARNING: Line block ends without a blank line.[39;49;00m
[91m/opt/SAMBA_SHARE/git/BilSrvStation_Server_PC/docs/cut_discr_pii2.rst:1225: WARNING: Explicit markup ends without a blank line; unexpected unindent.[39;49;00m
[91m/opt/SAMBA_SHARE/git/BilSrvStation_Server_PC/docs/cut_discr_pii2.rst:1226: WARNING: Line block ends without a blank line.[39;49;00m
[91m/opt/SAMBA_SHARE/git/BilSrvStation_Server_PC/docs/cut_discr_pii2.rst:1232: WARNING: Explicit markup ends without a blank line; unexpected unindent.[39;49;00m
[91m/opt/SAMBA_SHARE/git/BilSrvStation_Server_PC/docs/cut_discr_pii2.rst:1233: WARNING: Line block ends without a blank line.[39;49;00m
[91m/opt/SAMBA_SHARE/git/BilSrvStation_Server_PC/docs/cut_discr_pii2.rst:1239: WARNING: Explicit markup ends without a blank line; unexpected unindent.[39;49;00m
[91m/opt/SAMBA_SHARE/git/BilSrvStation_Server_PC/docs/cut_discr_pii2.rst:1240: WARNING: Line block ends without a blank line.[39;49;00m
[91m/opt/SAMBA_SHARE/git/BilSrvStation_Server_PC/docs/cut_discr_pii2.rst:1246: WARNING: Explicit markup ends without a blank line; unexpected unindent.[39;49;00m
[91m/opt/SAMBA_SHARE/git/BilSrvStation_Server_PC/docs/cut_discr_pii2.rst:1247: WARNING: Line block ends without a blank line.[39;49;00m
[91m/opt/SAMBA_SHARE/git/BilSrvStation_Server_PC/docs/cut_discr_pii2.rst:1253: WARNING: Explicit markup ends without a blank line; unexpected unindent.[39;49;00m
[91m/opt/SAMBA_SHARE/git/BilSrvStation_Server_PC/docs/cut_discr_pii2.rst:1254: WARNING: Line block ends without a blank line.[39;49;00m
[91m/opt/SAMBA_SHARE/git/BilSrvStation_Server_PC/docs/cut_discr_pii2.rst:1260: WARNING: Explicit markup ends without a blank line; unexpected unindent.[39;49;00m
[91m/opt/SAMBA_SHARE/git/BilSrvStation_Server_PC/docs/cut_discr_pii2.rst:1261: WARNING: Line block ends without a blank line.[39;49;00m
[91m/opt/SAMBA_SHARE/git/BilSrvStation_Server_PC/docs/cut_discr_pii2.rst:1268: WARNING: Explicit markup ends without a blank line; unexpected unindent.[39;49;00m
[91m/opt/SAMBA_SHARE/git/BilSrvStation_Server_PC/docs/cut_discr_pii2.rst:1269: WARNING: Line block ends without a blank line.[39;49;00m
[91m/opt/SAMBA_SHARE/git/BilSrvStation_Server_PC/docs/cut_discr_pii2.rst:1275: WARNING: Explicit markup ends without a blank line; unexpected unindent.[39;49;00m
[91m/opt/SAMBA_SHARE/git/BilSrvStation_Server_PC/docs/cut_discr_pii2.rst:1276: WARNING: Line block ends without a blank line.[39;49;00m
[91m/opt/SAMBA_SHARE/git/BilSrvStation_Server_PC/docs/cut_discr_pii2.rst:1282: WARNING: Explicit markup ends without a blank line; unexpected unindent.[39;49;00m
[91m/opt/SAMBA_SHARE/git/BilSrvStation_Server_PC/docs/cut_discr_pii2.rst:1283: WARNING: Line block ends without a blank line.[39;49;00m
[91m/opt/SAMBA_SHARE/git/BilSrvStation_Server_PC/docs/cut_discr_pii2.rst:1290: WARNING: Explicit markup ends without a blank line; unexpected unindent.[39;49;00m
[91m/opt/SAMBA_SHARE/git/BilSrvStation_Server_PC/docs/cut_discr_pii2.rst:1291: WARNING: Line block ends without a blank line.[39;49;00m
[91m/opt/SAMBA_SHARE/git/BilSrvStation_Server_PC/docs/cut_discr_pii2.rst:1298: WARNING: Explicit markup ends without a blank line; unexpected unindent.[39;49;00m
[91m/opt/SAMBA_SHARE/git/BilSrvStation_Server_PC/docs/cut_discr_pii2.rst:1299: WARNING: Line block ends without a blank line.[39;49;00m
[91m/opt/SAMBA_SHARE/git/BilSrvStation_Server_PC/docs/cut_discr_pii2.rst:1305: WARNING: Explicit markup ends without a blank line; unexpected unindent.[39;49;00m
[91m/opt/SAMBA_SHARE/git/BilSrvStation_Server_PC/docs/cut_discr_pii2.rst:1306: WARNING: Line block ends without a blank line.[39;49;00m
[91m/opt/SAMBA_SHARE/git/BilSrvStation_Server_PC/docs/cut_discr_pii2.rst:1312: WARNING: Explicit markup ends without a blank line; unexpected unindent.[39;49;00m
[91m/opt/SAMBA_SHARE/git/BilSrvStation_Server_PC/docs/cut_discr_pii2.rst:1313: WARNING: Line block ends without a blank line.[39;49;00m
[91m/opt/SAMBA_SHARE/git/BilSrvStation_Server_PC/docs/cut_discr_pii2.rst:1319: WARNING: Explicit markup ends without a blank line; unexpected unindent.[39;49;00m
[91m/opt/SAMBA_SHARE/git/BilSrvStation_Server_PC/docs/cut_discr_pii2.rst:1320: WARNING: Line block ends without a blank line.[39;49;00m
[91m/opt/SAMBA_SHARE/git/BilSrvStation_Server_PC/docs/cut_discr_pii2.rst:1326: WARNING: Explicit markup ends without a blank line; unexpected unindent.[39;49;00m
[91m/opt/SAMBA_SHARE/git/BilSrvStation_Server_PC/docs/cut_discr_pii2.rst:1327: WARNING: Line block ends without a blank line.[39;49;00m
[91m/opt/SAMBA_SHARE/git/BilSrvStation_Server_PC/docs/cut_discr_pii2.rst:1333: WARNING: Explicit markup ends without a blank line; unexpected unindent.[39;49;00m
[91m/opt/SAMBA_SHARE/git/BilSrvStation_Server_PC/docs/cut_discr_pii2.rst:1334: WARNING: Line block ends without a blank line.[39;49;00m
[91m/opt/SAMBA_SHARE/git/BilSrvStation_Server_PC/docs/cut_discr_pii2.rst:1339: WARNING: Explicit markup ends without a blank line; unexpected unindent.[39;49;00m
[91m/opt/SAMBA_SHARE/git/BilSrvStation_Server_PC/docs/cut_discr_pii2.rst:1340: WARNING: Line block ends without a blank line.[39;49;00m
[91m/opt/SAMBA_SHARE/git/BilSrvStation_Server_PC/docs/cut_discr_pii2.rst:1341: WARNING: Title underline too short.

01.10.04        Create users ssh
~~~~~~~~~~~~~~~~~~~~~~~~~~~~~~[39;49;00m
[91m/opt/SAMBA_SHARE/git/BilSrvStation_Server_PC/docs/cut_discr_pii2.rst:1341: WARNING: Title underline too short.

01.10.04        Create users ssh
~~~~~~~~~~~~~~~~~~~~~~~~~~~~~~[39;49;00m
[91m/opt/SAMBA_SHARE/git/BilSrvStation_Server_PC/docs/cut_discr_pii2.rst:1343: WARNING: Line block ends without a blank line.[39;49;00m
[91m/opt/SAMBA_SHARE/git/BilSrvStation_Server_PC/docs/cut_discr_pii2.rst:1348: WARNING: Explicit markup ends without a blank line; unexpected unindent.[39;49;00m
[91m/opt/SAMBA_SHARE/git/BilSrvStation_Server_PC/docs/cut_discr_pii2.rst:1349: WARNING: Line block ends without a blank line.[39;49;00m
[91m/opt/SAMBA_SHARE/git/BilSrvStation_Server_PC/docs/cut_discr_pii2.rst:1351: WARNING: Title underline too short.

01.10.05        Create SAMBA
~~~~~~~~~~~~~~~~~~~~~~~~~~[39;49;00m
[91m/opt/SAMBA_SHARE/git/BilSrvStation_Server_PC/docs/cut_discr_pii2.rst:1351: WARNING: Title underline too short.

01.10.05        Create SAMBA
~~~~~~~~~~~~~~~~~~~~~~~~~~[39;49;00m
[91m/opt/SAMBA_SHARE/git/BilSrvStation_Server_PC/docs/cut_discr_pii2.rst:1353: WARNING: Line block ends without a blank line.[39;49;00m
[91m/opt/SAMBA_SHARE/git/BilSrvStation_Server_PC/docs/cut_discr_pii2.rst:1371: WARNING: Line block ends without a blank line.[39;49;00m
[91m/opt/SAMBA_SHARE/git/BilSrvStation_Server_PC/docs/cut_discr_pii2.rst:1372: WARNING: Title underline too short.

01.10.06        Install and settings firewall
~~~~~~~~~~~~~~~~~~~~~~~~~~~~~~~~~~~~~~~~~~~~[39;49;00m
[91m/opt/SAMBA_SHARE/git/BilSrvStation_Server_PC/docs/cut_discr_pii2.rst:1372: WARNING: Title underline too short.

01.10.06        Install and settings firewall
~~~~~~~~~~~~~~~~~~~~~~~~~~~~~~~~~~~~~~~~~~~~[39;49;00m
[91m/opt/SAMBA_SHARE/git/BilSrvStation_Server_PC/docs/cut_discr_pii2.rst:1374: WARNING: Line block ends without a blank line.[39;49;00m
[91m/opt/SAMBA_SHARE/git/BilSrvStation_Server_PC/docs/cut_discr_pii2.rst:1375: WARNING: Title underline too short.

01.10.07        Install other soft
~~~~~~~~~~~~~~~~~~~~~~~~~~~~~~~~[39;49;00m
[91m/opt/SAMBA_SHARE/git/BilSrvStation_Server_PC/docs/cut_discr_pii2.rst:1375: WARNING: Title underline too short.

01.10.07        Install other soft
~~~~~~~~~~~~~~~~~~~~~~~~~~~~~~~~[39;49;00m
[91m/opt/SAMBA_SHARE/git/BilSrvStation_Server_PC/docs/cut_discr_pii2.rst:1377: WARNING: Line block ends without a blank line.[39;49;00m
[91m/opt/SAMBA_SHARE/git/BilSrvStation_Server_PC/docs/cut_discr_pii2.rst:1378: WARNING: Title underline too short.

01.10.08        Extended nano
~~~~~~~~~~~~~~~~~~~~~~~~~~~~[39;49;00m
[91m/opt/SAMBA_SHARE/git/BilSrvStation_Server_PC/docs/cut_discr_pii2.rst:1378: WARNING: Title underline too short.

01.10.08        Extended nano
~~~~~~~~~~~~~~~~~~~~~~~~~~~~[39;49;00m
[91m/opt/SAMBA_SHARE/git/BilSrvStation_Server_PC/docs/cut_discr_pii2.rst:1380: WARNING: Line block ends without a blank line.[39;49;00m
[91m/opt/SAMBA_SHARE/git/BilSrvStation_Server_PC/docs/cut_discr_pii2.rst:1383: WARNING: Title underline too short.

01.10.09        cp ers
~~~~~~~~~~~~~~~~~~~~~[39;49;00m
[91m/opt/SAMBA_SHARE/git/BilSrvStation_Server_PC/docs/cut_discr_pii2.rst:1383: WARNING: Title underline too short.

01.10.09        cp ers
~~~~~~~~~~~~~~~~~~~~~[39;49;00m
[91m/opt/SAMBA_SHARE/git/BilSrvStation_Server_PC/docs/cut_discr_pii2.rst:1385: WARNING: Line block ends without a blank line.[39;49;00m
[91m/opt/SAMBA_SHARE/git/BilSrvStation_Server_PC/docs/cut_discr_pii2.rst:1389: WARNING: Explicit markup ends without a blank line; unexpected unindent.[39;49;00m
[91m/opt/SAMBA_SHARE/git/BilSrvStation_Server_PC/docs/cut_discr_pii2.rst:1390: WARNING: Line block ends without a blank line.[39;49;00m
[91m/opt/SAMBA_SHARE/git/BilSrvStation_Server_PC/docs/cut_discr_pii2.rst:1392: WARNING: Title underline too short.

01.10.10        Install vsftp
~~~~~~~~~~~~~~~~~~~~~~~~~~~[39;49;00m
[91m/opt/SAMBA_SHARE/git/BilSrvStation_Server_PC/docs/cut_discr_pii2.rst:1392: WARNING: Title underline too short.

01.10.10        Install vsftp
~~~~~~~~~~~~~~~~~~~~~~~~~~~[39;49;00m
[91m/opt/SAMBA_SHARE/git/BilSrvStation_Server_PC/docs/cut_discr_pii2.rst:1402: WARNING: Line block ends without a blank line.[39;49;00m
[91m/opt/SAMBA_SHARE/git/BilSrvStation_Server_PC/docs/cut_discr_pii2.rst:1406: WARNING: Explicit markup ends without a blank line; unexpected unindent.[39;49;00m
[91m/opt/SAMBA_SHARE/git/BilSrvStation_Server_PC/docs/cut_discr_pii2.rst:1407: WARNING: Line block ends without a blank line.[39;49;00m
[91m/opt/SAMBA_SHARE/git/BilSrvStation_Server_PC/docs/cut_discr_pii2.rst:1411: WARNING: Explicit markup ends without a blank line; unexpected unindent.[39;49;00m
[91m/opt/SAMBA_SHARE/git/BilSrvStation_Server_PC/docs/cut_discr_pii2.rst:1412: WARNING: Line block ends without a blank line.[39;49;00m
[91m/opt/SAMBA_SHARE/git/BilSrvStation_Server_PC/docs/cut_discr_pii2.rst:1416: WARNING: Explicit markup ends without a blank line; unexpected unindent.[39;49;00m
[91m/opt/SAMBA_SHARE/git/BilSrvStation_Server_PC/docs/cut_discr_pii2.rst:1417: WARNING: Line block ends without a blank line.[39;49;00m
[91m/opt/SAMBA_SHARE/git/BilSrvStation_Server_PC/docs/cut_discr_pii2.rst:1421: WARNING: Explicit markup ends without a blank line; unexpected unindent.[39;49;00m
[91m/opt/SAMBA_SHARE/git/BilSrvStation_Server_PC/docs/cut_discr_pii2.rst:1422: WARNING: Line block ends without a blank line.[39;49;00m
[91m/opt/SAMBA_SHARE/git/BilSrvStation_Server_PC/docs/cut_discr_pii2.rst:1426: WARNING: Explicit markup ends without a blank line; unexpected unindent.[39;49;00m
[91m/opt/SAMBA_SHARE/git/BilSrvStation_Server_PC/docs/cut_discr_pii2.rst:1427: WARNING: Line block ends without a blank line.[39;49;00m
[91m/opt/SAMBA_SHARE/git/BilSrvStation_Server_PC/docs/cut_discr_pii2.rst:1431: WARNING: Explicit markup ends without a blank line; unexpected unindent.[39;49;00m
[91m/opt/SAMBA_SHARE/git/BilSrvStation_Server_PC/docs/cut_discr_pii2.rst:1432: WARNING: Line block ends without a blank line.[39;49;00m
[91m/opt/SAMBA_SHARE/git/BilSrvStation_Server_PC/docs/cut_discr_pii2.rst:1436: WARNING: Explicit markup ends without a blank line; unexpected unindent.[39;49;00m
[91m/opt/SAMBA_SHARE/git/BilSrvStation_Server_PC/docs/cut_discr_pii2.rst:1437: WARNING: Line block ends without a blank line.[39;49;00m
[91m/opt/SAMBA_SHARE/git/BilSrvStation_Server_PC/docs/cut_discr_pii2.rst:1441: WARNING: Explicit markup ends without a blank line; unexpected unindent.[39;49;00m
[91m/opt/SAMBA_SHARE/git/BilSrvStation_Server_PC/docs/cut_discr_pii2.rst:1442: WARNING: Line block ends without a blank line.[39;49;00m
[91m/opt/SAMBA_SHARE/git/BilSrvStation_Server_PC/docs/cut_discr_pii2.rst:1446: WARNING: Explicit markup ends without a blank line; unexpected unindent.[39;49;00m
[91m/opt/SAMBA_SHARE/git/BilSrvStation_Server_PC/docs/cut_discr_pii2.rst:1447: WARNING: Line block ends without a blank line.[39;49;00m
[91m/opt/SAMBA_SHARE/git/BilSrvStation_Server_PC/docs/cut_discr_pii2.rst:1451: WARNING: Explicit markup ends without a blank line; unexpected unindent.[39;49;00m
[91m/opt/SAMBA_SHARE/git/BilSrvStation_Server_PC/docs/cut_discr_pii2.rst:1452: WARNING: Line block ends without a blank line.[39;49;00m
[91m/opt/SAMBA_SHARE/git/BilSrvStation_Server_PC/docs/cut_discr_pii2.rst:1456: WARNING: Explicit markup ends without a blank line; unexpected unindent.[39;49;00m
[91m/opt/SAMBA_SHARE/git/BilSrvStation_Server_PC/docs/cut_discr_pii2.rst:1457: WARNING: Line block ends without a blank line.[39;49;00m
[91m/opt/SAMBA_SHARE/git/BilSrvStation_Server_PC/docs/cut_discr_pii2.rst:1461: WARNING: Explicit markup ends without a blank line; unexpected unindent.[39;49;00m
[91m/opt/SAMBA_SHARE/git/BilSrvStation_Server_PC/docs/cut_discr_pii2.rst:1462: WARNING: Line block ends without a blank line.[39;49;00m
[91m/opt/SAMBA_SHARE/git/BilSrvStation_Server_PC/docs/cut_discr_pii2.rst:1468: WARNING: Explicit markup ends without a blank line; unexpected unindent.[39;49;00m
[91m/opt/SAMBA_SHARE/git/BilSrvStation_Server_PC/docs/cut_discr_pii2.rst:1469: WARNING: Line block ends without a blank line.[39;49;00m
[91m/opt/SAMBA_SHARE/git/BilSrvStation_Server_PC/docs/cut_discr_pii2.rst:1473: WARNING: Explicit markup ends without a blank line; unexpected unindent.[39;49;00m
[91m/opt/SAMBA_SHARE/git/BilSrvStation_Server_PC/docs/cut_discr_pii2.rst:1474: WARNING: Line block ends without a blank line.[39;49;00m
[91m/opt/SAMBA_SHARE/git/BilSrvStation_Server_PC/docs/cut_discr_pii2.rst:1478: WARNING: Explicit markup ends without a blank line; unexpected unindent.[39;49;00m
[91m/opt/SAMBA_SHARE/git/BilSrvStation_Server_PC/docs/cut_discr_pii2.rst:1479: WARNING: Line block ends without a blank line.[39;49;00m
[91m/opt/SAMBA_SHARE/git/BilSrvStation_Server_PC/docs/cut_discr_pii2.rst:1483: WARNING: Explicit markup ends without a blank line; unexpected unindent.[39;49;00m
[91m/opt/SAMBA_SHARE/git/BilSrvStation_Server_PC/docs/cut_discr_pii2.rst:1484: WARNING: Line block ends without a blank line.[39;49;00m
[91m/opt/SAMBA_SHARE/git/BilSrvStation_Server_PC/docs/cut_discr_pii2.rst:1488: WARNING: Explicit markup ends without a blank line; unexpected unindent.[39;49;00m
[91m/opt/SAMBA_SHARE/git/BilSrvStation_Server_PC/docs/cut_discr_pii2.rst:1489: WARNING: Line block ends without a blank line.[39;49;00m
[91m/opt/SAMBA_SHARE/git/BilSrvStation_Server_PC/docs/cut_discr_pii2.rst:1493: WARNING: Explicit markup ends without a blank line; unexpected unindent.[39;49;00m
[91m/opt/SAMBA_SHARE/git/BilSrvStation_Server_PC/docs/cut_discr_pii2.rst:1494: WARNING: Line block ends without a blank line.[39;49;00m
[91m/opt/SAMBA_SHARE/git/BilSrvStation_Server_PC/docs/cut_discr_pii2.rst:1500: WARNING: Explicit markup ends without a blank line; unexpected unindent.[39;49;00m
[91m/opt/SAMBA_SHARE/git/BilSrvStation_Server_PC/docs/cut_discr_pii2.rst:1501: WARNING: Line block ends without a blank line.[39;49;00m
[91m/opt/SAMBA_SHARE/git/BilSrvStation_Server_PC/docs/cut_discr_pii2.rst:1505: WARNING: Explicit markup ends without a blank line; unexpected unindent.[39;49;00m
[91m/opt/SAMBA_SHARE/git/BilSrvStation_Server_PC/docs/cut_discr_pii2.rst:1506: WARNING: Line block ends without a blank line.[39;49;00m
[91m/opt/SAMBA_SHARE/git/BilSrvStation_Server_PC/docs/cut_discr_pii2.rst:1510: WARNING: Explicit markup ends without a blank line; unexpected unindent.[39;49;00m
[91m/opt/SAMBA_SHARE/git/BilSrvStation_Server_PC/docs/cut_discr_pii2.rst:1511: WARNING: Line block ends without a blank line.[39;49;00m
[91m/opt/SAMBA_SHARE/git/BilSrvStation_Server_PC/docs/cut_discr_pii2.rst:1519: WARNING: Explicit markup ends without a blank line; unexpected unindent.[39;49;00m
[91m/opt/SAMBA_SHARE/git/BilSrvStation_Server_PC/docs/cut_discr_pii2.rst:1520: WARNING: Line block ends without a blank line.[39;49;00m
[91m/opt/SAMBA_SHARE/git/BilSrvStation_Server_PC/docs/cut_discr_pii2.rst:1524: WARNING: Explicit markup ends without a blank line; unexpected unindent.[39;49;00m
[91m/opt/SAMBA_SHARE/git/BilSrvStation_Server_PC/docs/cut_discr_pii2.rst:1525: WARNING: Line block ends without a blank line.[39;49;00m
[91m/opt/SAMBA_SHARE/git/BilSrvStation_Server_PC/docs/cut_discr_pii2.rst:1529: WARNING: Explicit markup ends without a blank line; unexpected unindent.[39;49;00m
[91m/opt/SAMBA_SHARE/git/BilSrvStation_Server_PC/docs/cut_discr_pii2.rst:1530: WARNING: Line block ends without a blank line.[39;49;00m
[91m/opt/SAMBA_SHARE/git/BilSrvStation_Server_PC/docs/cut_discr_pii2.rst:1536: WARNING: Explicit markup ends without a blank line; unexpected unindent.[39;49;00m
[91m/opt/SAMBA_SHARE/git/BilSrvStation_Server_PC/docs/cut_discr_pii2.rst:1537: WARNING: Line block ends without a blank line.[39;49;00m
[91m/opt/SAMBA_SHARE/git/BilSrvStation_Server_PC/docs/cut_discr_pii2.rst:1552: WARNING: Explicit markup ends without a blank line; unexpected unindent.[39;49;00m
[91m/opt/SAMBA_SHARE/git/BilSrvStation_Server_PC/docs/cut_discr_pii2.rst:1553: WARNING: Line block ends without a blank line.[39;49;00m
[91m/opt/SAMBA_SHARE/git/BilSrvStation_Server_PC/docs/cut_discr_pii2.rst:1557: WARNING: Explicit markup ends without a blank line; unexpected unindent.[39;49;00m
[91m/opt/SAMBA_SHARE/git/BilSrvStation_Server_PC/docs/cut_discr_pii2.rst:1558: WARNING: Line block ends without a blank line.[39;49;00m
[91m/opt/SAMBA_SHARE/git/BilSrvStation_Server_PC/docs/cut_discr_pii2.rst:1564: WARNING: Line block ends without a blank line.[39;49;00m
[91m/opt/SAMBA_SHARE/git/BilSrvStation_Server_PC/docs/cut_discr_pii2.rst:1568: WARNING: Explicit markup ends without a blank line; unexpected unindent.[39;49;00m
[91m/opt/SAMBA_SHARE/git/BilSrvStation_Server_PC/docs/cut_discr_pii2.rst:1569: WARNING: Line block ends without a blank line.[39;49;00m
[91m/opt/SAMBA_SHARE/git/BilSrvStation_Server_PC/docs/cut_discr_pii2.rst:1573: WARNING: Explicit markup ends without a blank line; unexpected unindent.[39;49;00m
[91m/opt/SAMBA_SHARE/git/BilSrvStation_Server_PC/docs/cut_discr_pii2.rst:1574: WARNING: Line block ends without a blank line.[39;49;00m
[91m/opt/SAMBA_SHARE/git/BilSrvStation_Server_PC/docs/cut_discr_pii2.rst:1578: WARNING: Explicit markup ends without a blank line; unexpected unindent.[39;49;00m
[91m/opt/SAMBA_SHARE/git/BilSrvStation_Server_PC/docs/cut_discr_pii2.rst:1579: WARNING: Line block ends without a blank line.[39;49;00m
[91m/opt/SAMBA_SHARE/git/BilSrvStation_Server_PC/docs/cut_discr_pii2.rst:1583: WARNING: Explicit markup ends without a blank line; unexpected unindent.[39;49;00m
[91m/opt/SAMBA_SHARE/git/BilSrvStation_Server_PC/docs/cut_discr_pii2.rst:1584: WARNING: Line block ends without a blank line.[39;49;00m
[91m/opt/SAMBA_SHARE/git/BilSrvStation_Server_PC/docs/cut_discr_pii2.rst:1588: WARNING: Explicit markup ends without a blank line; unexpected unindent.[39;49;00m
[91m/opt/SAMBA_SHARE/git/BilSrvStation_Server_PC/docs/cut_discr_pii2.rst:1589: WARNING: Line block ends without a blank line.[39;49;00m
[91m/opt/SAMBA_SHARE/git/BilSrvStation_Server_PC/docs/cut_discr_pii2.rst:1593: WARNING: Explicit markup ends without a blank line; unexpected unindent.[39;49;00m
[91m/opt/SAMBA_SHARE/git/BilSrvStation_Server_PC/docs/cut_discr_pii2.rst:1594: WARNING: Line block ends without a blank line.[39;49;00m
[91m/opt/SAMBA_SHARE/git/BilSrvStation_Server_PC/docs/cut_discr_pii2.rst:1598: WARNING: Explicit markup ends without a blank line; unexpected unindent.[39;49;00m
[91m/opt/SAMBA_SHARE/git/BilSrvStation_Server_PC/docs/cut_discr_pii2.rst:1599: WARNING: Line block ends without a blank line.[39;49;00m
[91m/opt/SAMBA_SHARE/git/BilSrvStation_Server_PC/docs/cut_discr_pii2.rst:1607: WARNING: Explicit markup ends without a blank line; unexpected unindent.[39;49;00m
[91m/opt/SAMBA_SHARE/git/BilSrvStation_Server_PC/docs/cut_discr_pii2.rst:1608: WARNING: Line block ends without a blank line.[39;49;00m
[91m/opt/SAMBA_SHARE/git/BilSrvStation_Server_PC/docs/cut_discr_pii2.rst:1612: WARNING: Explicit markup ends without a blank line; unexpected unindent.[39;49;00m
[91m/opt/SAMBA_SHARE/git/BilSrvStation_Server_PC/docs/cut_discr_pii2.rst:1613: WARNING: Line block ends without a blank line.[39;49;00m
[91m/opt/SAMBA_SHARE/git/BilSrvStation_Server_PC/docs/cut_discr_pii2.rst:1617: WARNING: Explicit markup ends without a blank line; unexpected unindent.[39;49;00m
[91m/opt/SAMBA_SHARE/git/BilSrvStation_Server_PC/docs/cut_discr_pii2.rst:1618: WARNING: Line block ends without a blank line.[39;49;00m
[91m/opt/SAMBA_SHARE/git/BilSrvStation_Server_PC/docs/cut_discr_pii2.rst:1622: WARNING: Explicit markup ends without a blank line; unexpected unindent.[39;49;00m
[91m/opt/SAMBA_SHARE/git/BilSrvStation_Server_PC/docs/cut_discr_pii2.rst:1623: WARNING: Line block ends without a blank line.[39;49;00m
[91m/opt/SAMBA_SHARE/git/BilSrvStation_Server_PC/docs/cut_discr_pii2.rst:1627: WARNING: Explicit markup ends without a blank line; unexpected unindent.[39;49;00m
[91m/opt/SAMBA_SHARE/git/BilSrvStation_Server_PC/docs/cut_discr_pii2.rst:1628: WARNING: Line block ends without a blank line.[39;49;00m
[91m/opt/SAMBA_SHARE/git/BilSrvStation_Server_PC/docs/cut_discr_pii2.rst:1634: WARNING: Explicit markup ends without a blank line; unexpected unindent.[39;49;00m
[91m/opt/SAMBA_SHARE/git/BilSrvStation_Server_PC/docs/cut_discr_pii2.rst:1635: WARNING: Line block ends without a blank line.[39;49;00m
[91m/opt/SAMBA_SHARE/git/BilSrvStation_Server_PC/docs/cut_discr_pii2.rst:1640: WARNING: Explicit markup ends without a blank line; unexpected unindent.[39;49;00m
[91m/opt/SAMBA_SHARE/git/BilSrvStation_Server_PC/docs/cut_discr_pii2.rst:1641: WARNING: Line block ends without a blank line.[39;49;00m
[91m/opt/SAMBA_SHARE/git/BilSrvStation_Server_PC/docs/cut_discr_pii2.rst:1654: WARNING: Line block ends without a blank line.[39;49;00m
[91m/opt/SAMBA_SHARE/git/BilSrvStation_Server_PC/docs/cut_discr_pii2.rst:1712: WARNING: Explicit markup ends without a blank line; unexpected unindent.[39;49;00m
[91m/opt/SAMBA_SHARE/git/BilSrvStation_Server_PC/docs/cut_discr_pii2.rst:1713: WARNING: Line block ends without a blank line.[39;49;00m
[91m/opt/SAMBA_SHARE/git/BilSrvStation_Server_PC/docs/cut_discr_pii2.rst:1724: WARNING: Explicit markup ends without a blank line; unexpected unindent.[39;49;00m
[91m/opt/SAMBA_SHARE/git/BilSrvStation_Server_PC/docs/cut_discr_pii2.rst:1725: WARNING: Line block ends without a blank line.[39;49;00m
[91m/opt/SAMBA_SHARE/git/BilSrvStation_Server_PC/docs/cut_discr_pii2.rst:1730: WARNING: Line block ends without a blank line.[39;49;00m
[91m/opt/SAMBA_SHARE/git/BilSrvStation_Server_PC/docs/cut_discr_pii2.rst:1733: WARNING: Line block ends without a blank line.[39;49;00m
[91m/opt/SAMBA_SHARE/git/BilSrvStation_Server_PC/docs/cut_discr_pii2.rst:1767: WARNING: Explicit markup ends without a blank line; unexpected unindent.[39;49;00m
[91m/opt/SAMBA_SHARE/git/BilSrvStation_Server_PC/docs/cut_discr_pii2.rst:1768: WARNING: Line block ends without a blank line.[39;49;00m
[91m/opt/SAMBA_SHARE/git/BilSrvStation_Server_PC/docs/cut_discr_pii2.rst:1797: WARNING: Line block ends without a blank line.[39;49;00m
[91m/opt/SAMBA_SHARE/git/BilSrvStation_Server_PC/docs/cut_discr_pii2.rst:1803: WARNING: Line block ends without a blank line.[39;49;00m
[91m/opt/SAMBA_SHARE/git/BilSrvStation_Server_PC/docs/cut_discr_pii2.rst:1816: WARNING: Line block ends without a blank line.[39;49;00m
[91m/opt/SAMBA_SHARE/git/BilSrvStation_Server_PC/docs/cut_discr_pii2.rst:1824: WARNING: Line block ends without a blank line.[39;49;00m
[91m/opt/SAMBA_SHARE/git/BilSrvStation_Server_PC/docs/cut_discr_pii2.rst:1835: WARNING: Explicit markup ends without a blank line; unexpected unindent.[39;49;00m
[91m/opt/SAMBA_SHARE/git/BilSrvStation_Server_PC/docs/cut_discr_pii2.rst:1836: WARNING: Line block ends without a blank line.[39;49;00m
[91m/opt/SAMBA_SHARE/git/BilSrvStation_Server_PC/docs/cut_discr_pii2.rst:1846: WARNING: Line block ends without a blank line.[39;49;00m
[91m/opt/SAMBA_SHARE/git/BilSrvStation_Server_PC/docs/cut_discr_pii2.rst:1869: WARNING: Explicit markup ends without a blank line; unexpected unindent.[39;49;00m
[91m/opt/SAMBA_SHARE/git/BilSrvStation_Server_PC/docs/cut_discr_pii2.rst:1870: WARNING: Line block ends without a blank line.[39;49;00m
[91m/opt/SAMBA_SHARE/git/BilSrvStation_Server_PC/docs/cut_discr_pii2.rst:1877: WARNING: Line block ends without a blank line.[39;49;00m
[91m/opt/SAMBA_SHARE/git/BilSrvStation_Server_PC/docs/cut_discr_pii2.rst:1881: WARNING: Explicit markup ends without a blank line; unexpected unindent.[39;49;00m
[91m/opt/SAMBA_SHARE/git/BilSrvStation_Server_PC/docs/cut_discr_pii2.rst:1882: WARNING: Line block ends without a blank line.[39;49;00m
[91m/opt/SAMBA_SHARE/git/BilSrvStation_Server_PC/docs/cut_discr_pii2.rst:1896: WARNING: Explicit markup ends without a blank line; unexpected unindent.[39;49;00m
[91m/opt/SAMBA_SHARE/git/BilSrvStation_Server_PC/docs/cut_discr_pii2.rst:1897: WARNING: Line block ends without a blank line.[39;49;00m
[91m/opt/SAMBA_SHARE/git/BilSrvStation_Server_PC/docs/cut_discr_pii2.rst:1903: WARNING: Explicit markup ends without a blank line; unexpected unindent.[39;49;00m
[91m/opt/SAMBA_SHARE/git/BilSrvStation_Server_PC/docs/cut_discr_pii2.rst:1904: WARNING: Line block ends without a blank line.[39;49;00m
[91m/opt/SAMBA_SHARE/git/BilSrvStation_Server_PC/docs/cut_discr_pii2.rst:1910: WARNING: Explicit markup ends without a blank line; unexpected unindent.[39;49;00m
[91m/opt/SAMBA_SHARE/git/BilSrvStation_Server_PC/docs/cut_discr_pii2.rst:1911: WARNING: Line block ends without a blank line.[39;49;00m
[91m/opt/SAMBA_SHARE/git/BilSrvStation_Server_PC/docs/cut_discr_pii2.rst:1918: WARNING: Explicit markup ends without a blank line; unexpected unindent.[39;49;00m
[91m/opt/SAMBA_SHARE/git/BilSrvStation_Server_PC/docs/cut_discr_pii2.rst:1919: WARNING: Line block ends without a blank line.[39;49;00m
[91m/opt/SAMBA_SHARE/git/BilSrvStation_Server_PC/docs/cut_discr_pii2.rst:1936: WARNING: Explicit markup ends without a blank line; unexpected unindent.[39;49;00m
[91m/opt/SAMBA_SHARE/git/BilSrvStation_Server_PC/docs/cut_discr_pii2.rst:1937: WARNING: Line block ends without a blank line.[39;49;00m
[91m/opt/SAMBA_SHARE/git/BilSrvStation_Server_PC/docs/cut_discr_pii2.rst:1944: WARNING: Line block ends without a blank line.[39;49;00m
[91m/opt/SAMBA_SHARE/git/BilSrvStation_Server_PC/docs/cut_discr_pii2.rst:1950: WARNING: Explicit markup ends without a blank line; unexpected unindent.[39;49;00m
[91m/opt/SAMBA_SHARE/git/BilSrvStation_Server_PC/docs/cut_discr_pii2.rst:1951: WARNING: Line block ends without a blank line.[39;49;00m
[91m/opt/SAMBA_SHARE/git/BilSrvStation_Server_PC/docs/cut_discr_pii2.rst:1955: WARNING: Explicit markup ends without a blank line; unexpected unindent.[39;49;00m
[91m/opt/SAMBA_SHARE/git/BilSrvStation_Server_PC/docs/cut_discr_pii2.rst:1956: WARNING: Line block ends without a blank line.[39;49;00m
[91m/opt/SAMBA_SHARE/git/BilSrvStation_Server_PC/docs/cut_discr_pii2.rst:1960: WARNING: Explicit markup ends without a blank line; unexpected unindent.[39;49;00m
[91m/opt/SAMBA_SHARE/git/BilSrvStation_Server_PC/docs/cut_discr_pii2.rst:1961: WARNING: Line block ends without a blank line.[39;49;00m
[91m/opt/SAMBA_SHARE/git/BilSrvStation_Server_PC/docs/cut_discr_pii2.rst:1974: WARNING: Line block ends without a blank line.[39;49;00m
[91m/opt/SAMBA_SHARE/git/BilSrvStation_Server_PC/docs/cut_discr_pii2.rst:1990: WARNING: Line block ends without a blank line.[39;49;00m
[91m/opt/SAMBA_SHARE/git/BilSrvStation_Server_PC/docs/cut_discr_pii2.rst:1999: WARNING: Line block ends without a blank line.[39;49;00m
[91m/opt/SAMBA_SHARE/git/BilSrvStation_Server_PC/docs/cut_discr_pii2.rst:2018: WARNING: Explicit markup ends without a blank line; unexpected unindent.[39;49;00m
[91m/opt/SAMBA_SHARE/git/BilSrvStation_Server_PC/docs/cut_discr_pii2.rst:2019: WARNING: Line block ends without a blank line.[39;49;00m
[91m/opt/SAMBA_SHARE/git/BilSrvStation_Server_PC/docs/cut_discr_pii2.rst:2035: WARNING: Explicit markup ends without a blank line; unexpected unindent.[39;49;00m
[91m/opt/SAMBA_SHARE/git/BilSrvStation_Server_PC/docs/cut_discr_pii2.rst:2036: WARNING: Line block ends without a blank line.[39;49;00m
[91m/opt/SAMBA_SHARE/git/BilSrvStation_Server_PC/docs/cut_discr_pii2.rst:2044: WARNING: Explicit markup ends without a blank line; unexpected unindent.[39;49;00m
[91m/opt/SAMBA_SHARE/git/BilSrvStation_Server_PC/docs/cut_discr_pii2.rst:2045: WARNING: Line block ends without a blank line.[39;49;00m
[91m/opt/SAMBA_SHARE/git/BilSrvStation_Server_PC/docs/cut_discr_pii2.rst:2051: WARNING: Explicit markup ends without a blank line; unexpected unindent.[39;49;00m
[91m/opt/SAMBA_SHARE/git/BilSrvStation_Server_PC/docs/cut_discr_pii2.rst:2052: WARNING: Line block ends without a blank line.[39;49;00m
[91m/opt/SAMBA_SHARE/git/BilSrvStation_Server_PC/docs/cut_discr_pii2.rst:2070: WARNING: Line block ends without a blank line.[39;49;00m
[91m/opt/SAMBA_SHARE/git/BilSrvStation_Server_PC/docs/cut_discr_pii2.rst:2085: WARNING: Explicit markup ends without a blank line; unexpected unindent.[39;49;00m
[91m/opt/SAMBA_SHARE/git/BilSrvStation_Server_PC/docs/cut_discr_pii2.rst:2086: WARNING: Line block ends without a blank line.[39;49;00m
[91m/opt/SAMBA_SHARE/git/BilSrvStation_Server_PC/docs/cut_discr_pii2.rst:2091: WARNING: Explicit markup ends without a blank line; unexpected unindent.[39;49;00m
[91m/opt/SAMBA_SHARE/git/BilSrvStation_Server_PC/docs/cut_discr_pii2.rst:2092: WARNING: Line block ends without a blank line.[39;49;00m
[91m/opt/SAMBA_SHARE/git/BilSrvStation_Server_PC/docs/cut_discr_pii2.rst:2100: WARNING: Explicit markup ends without a blank line; unexpected unindent.[39;49;00m
[91m/opt/SAMBA_SHARE/git/BilSrvStation_Server_PC/docs/cut_discr_pii2.rst:2101: WARNING: Line block ends without a blank line.[39;49;00m
[31m/opt/SAMBA_SHARE/git/BilSrvStation_Server_PC/docs/cut_discr_pii2.rst:3: ERROR: Undefined substitution referenced: "author".[39;49;00m
[31m/opt/SAMBA_SHARE/git/BilSrvStation_Server_PC/docs/cut_discr_pii2.rst:1032: ERROR: Unknown target name: "za-z".[39;49;00m
[91m/opt/SAMBA_SHARE/git/BilSrvStation_Server_PC/docs/cut_discr_pii2_pack.rst:87: WARNING: The "csv-table" directive requires content; none supplied.

.. csv-table:: Python pip package
        :header: "#", "Module PIP"
        :widths: auto[39;49;00m
[91m/opt/SAMBA_SHARE/git/BilSrvStation_Server_PC/docs/cut_discr_preseed.rst:4: WARNING: Line block ends without a blank line.[39;49;00m
[91m/opt/SAMBA_SHARE/git/BilSrvStation_Server_PC/docs/cut_discr_preseed.rst:8: WARNING: Line block ends without a blank line.[39;49;00m
[91m/opt/SAMBA_SHARE/git/BilSrvStation_Server_PC/docs/cut_discr_preseed.rst:21: WARNING: Line block ends without a blank line.[39;49;00m
[91m/opt/SAMBA_SHARE/git/BilSrvStation_Server_PC/docs/cut_discr_preseed.rst:55: WARNING: Explicit markup ends without a blank line; unexpected unindent.[39;49;00m
[91m/opt/SAMBA_SHARE/git/BilSrvStation_Server_PC/docs/cut_discr_preseed.rst:56: WARNING: Line block ends without a blank line.[39;49;00m
[91m/opt/SAMBA_SHARE/git/BilSrvStation_Server_PC/docs/cut_discr_preseed.rst:64: WARNING: Line block ends without a blank line.[39;49;00m
[91m/opt/SAMBA_SHARE/git/BilSrvStation_Server_PC/docs/cut_discr_preseed.rst:73: WARNING: Explicit markup ends without a blank line; unexpected unindent.[39;49;00m
[91m/opt/SAMBA_SHARE/git/BilSrvStation_Server_PC/docs/cut_discr_preseed.rst:74: WARNING: Line block ends without a blank line.[39;49;00m
[91m/opt/SAMBA_SHARE/git/BilSrvStation_Server_PC/docs/cut_discr_preseed.rst:88: WARNING: Line block ends without a blank line.[39;49;00m
[91m/opt/SAMBA_SHARE/git/BilSrvStation_Server_PC/docs/cut_discr_preseed.rst:95: WARNING: Line block ends without a blank line.[39;49;00m
[91m/opt/SAMBA_SHARE/git/BilSrvStation_Server_PC/docs/cut_discr_preseed.rst:105: WARNING: Line block ends without a blank line.[39;49;00m
[91m/opt/SAMBA_SHARE/git/BilSrvStation_Server_PC/docs/cut_discr_preseed.rst:111: WARNING: Line block ends without a blank line.[39;49;00m
[91m/opt/SAMBA_SHARE/git/BilSrvStation_Server_PC/docs/cut_discr_preseed.rst:117: WARNING: Line block ends without a blank line.[39;49;00m
[91m/opt/SAMBA_SHARE/git/BilSrvStation_Server_PC/docs/cut_discr_preseed.rst:124: WARNING: Line block ends without a blank line.[39;49;00m
[91m/opt/SAMBA_SHARE/git/BilSrvStation_Server_PC/docs/cut_discr_preseed.rst:129: WARNING: Explicit markup ends without a blank line; unexpected unindent.[39;49;00m
[91m/opt/SAMBA_SHARE/git/BilSrvStation_Server_PC/docs/cut_discr_preseed.rst:130: WARNING: Line block ends without a blank line.[39;49;00m
[91m/opt/SAMBA_SHARE/git/BilSrvStation_Server_PC/docs/cut_discr_preseed.rst:134: WARNING: Explicit markup ends without a blank line; unexpected unindent.[39;49;00m
[91m/opt/SAMBA_SHARE/git/BilSrvStation_Server_PC/docs/cut_discr_preseed.rst:135: WARNING: Line block ends without a blank line.[39;49;00m
[91m/opt/SAMBA_SHARE/git/BilSrvStation_Server_PC/docs/cut_discr_preseed.rst:142: WARNING: Line block ends without a blank line.[39;49;00m
[91m/opt/SAMBA_SHARE/git/BilSrvStation_Server_PC/docs/cut_discr_preseed.rst:154: WARNING: Line block ends without a blank line.[39;49;00m
[91m/opt/SAMBA_SHARE/git/BilSrvStation_Server_PC/docs/cut_discr_preseed.rst:172: WARNING: Line block ends without a blank line.[39;49;00m
[91m/opt/SAMBA_SHARE/git/BilSrvStation_Server_PC/docs/cut_discr_preseed.rst:181: WARNING: Line block ends without a blank line.[39;49;00m
[91m/opt/SAMBA_SHARE/git/BilSrvStation_Server_PC/docs/cut_discr_preseed.rst:189: WARNING: Line block ends without a blank line.[39;49;00m
[91m/opt/SAMBA_SHARE/git/BilSrvStation_Server_PC/docs/cut_discr_preseed.rst:197: WARNING: Line block ends without a blank line.[39;49;00m
[91m/opt/SAMBA_SHARE/git/BilSrvStation_Server_PC/docs/cut_discr_preseed.rst:207: WARNING: Explicit markup ends without a blank line; unexpected unindent.[39;49;00m
[91m/opt/SAMBA_SHARE/git/BilSrvStation_Server_PC/docs/cut_discr_preseed.rst:210: WARNING: Line block ends without a blank line.[39;49;00m
[91m/opt/SAMBA_SHARE/git/BilSrvStation_Server_PC/docs/cut_discr_preseed.rst:223: WARNING: Line block ends without a blank line.[39;49;00m
[91m/opt/SAMBA_SHARE/git/BilSrvStation_Server_PC/docs/cut_discr_preseed.rst:238: WARNING: Explicit markup ends without a blank line; unexpected unindent.[39;49;00m
[91m/opt/SAMBA_SHARE/git/BilSrvStation_Server_PC/docs/cut_discr_preseed.rst:239: WARNING: Line block ends without a blank line.[39;49;00m
[91m/opt/SAMBA_SHARE/git/BilSrvStation_Server_PC/docs/cut_discr_preseed.rst:247: WARNING: Line block ends without a blank line.[39;49;00m
[91m/opt/SAMBA_SHARE/git/BilSrvStation_Server_PC/docs/cut_discr_preseed.rst:252: WARNING: Explicit markup ends without a blank line; unexpected unindent.[39;49;00m
[91m/opt/SAMBA_SHARE/git/BilSrvStation_Server_PC/docs/cut_discr_preseed.rst:253: WARNING: Line block ends without a blank line.[39;49;00m
[91m/opt/SAMBA_SHARE/git/BilSrvStation_Server_PC/docs/cut_discr_preseed.rst:261: WARNING: Line block ends without a blank line.[39;49;00m
[91m/opt/SAMBA_SHARE/git/BilSrvStation_Server_PC/docs/cut_discr_preseed.rst:272: WARNING: Line block ends without a blank line.[39;49;00m
[91m/opt/SAMBA_SHARE/git/BilSrvStation_Server_PC/docs/cut_discr_preseed.rst:276: WARNING: Line block ends without a blank line.[39;49;00m
[91m/opt/SAMBA_SHARE/git/BilSrvStation_Server_PC/docs/cut_discr_preseed.rst:286: WARNING: Line block ends without a blank line.[39;49;00m
[91m/opt/SAMBA_SHARE/git/BilSrvStation_Server_PC/docs/cut_discr_preseed.rst:295: WARNING: Line block ends without a blank line.[39;49;00m
[91m/opt/SAMBA_SHARE/git/BilSrvStation_Server_PC/docs/cut_discr_preseed.rst:303: WARNING: Line block ends without a blank line.[39;49;00m
[91m/opt/SAMBA_SHARE/git/BilSrvStation_Server_PC/docs/cut_discr_preseed.rst:312: WARNING: Line block ends without a blank line.[39;49;00m
[91m/opt/SAMBA_SHARE/git/BilSrvStation_Server_PC/docs/cut_discr_preseed.rst:316: WARNING: Explicit markup ends without a blank line; unexpected unindent.[39;49;00m
[91m/opt/SAMBA_SHARE/git/BilSrvStation_Server_PC/docs/cut_discr_preseed.rst:317: WARNING: Line block ends without a blank line.[39;49;00m
[91m/opt/SAMBA_SHARE/git/BilSrvStation_Server_PC/docs/cut_discr_preseed.rst:325: WARNING: Line block ends without a blank line.[39;49;00m
[91m/opt/SAMBA_SHARE/git/BilSrvStation_Server_PC/docs/cut_discr_preseed.rst:335: WARNING: Line block ends without a blank line.[39;49;00m
[91m/opt/SAMBA_SHARE/git/BilSrvStation_Server_PC/docs/cut_discr_preseed.rst:343: WARNING: Explicit markup ends without a blank line; unexpected unindent.[39;49;00m
[91m/opt/SAMBA_SHARE/git/BilSrvStation_Server_PC/docs/cut_discr_preseed.rst:344: WARNING: Line block ends without a blank line.[39;49;00m
[91m/opt/SAMBA_SHARE/git/BilSrvStation_Server_PC/docs/cut_discr_preseed.rst:356: WARNING: Line block ends without a blank line.[39;49;00m
[91m/opt/SAMBA_SHARE/git/BilSrvStation_Server_PC/docs/cut_discr_preseed.rst:362: WARNING: Explicit markup ends without a blank line; unexpected unindent.[39;49;00m
[91m/opt/SAMBA_SHARE/git/BilSrvStation_Server_PC/docs/cut_discr_preseed.rst:363: WARNING: Line block ends without a blank line.[39;49;00m
[91m/opt/SAMBA_SHARE/git/BilSrvStation_Server_PC/docs/cut_discr_preseed.rst:370: WARNING: Explicit markup ends without a blank line; unexpected unindent.[39;49;00m
[91m/opt/SAMBA_SHARE/git/BilSrvStation_Server_PC/docs/cut_discr_preseed.rst:371: WARNING: Line block ends without a blank line.[39;49;00m
[91m/opt/SAMBA_SHARE/git/BilSrvStation_Server_PC/docs/cut_discr_preseed.rst:384: WARNING: Line block ends without a blank line.[39;49;00m
[91m/opt/SAMBA_SHARE/git/BilSrvStation_Server_PC/docs/cut_discr_preseed.rst:394: WARNING: Line block ends without a blank line.[39;49;00m
[91m/opt/SAMBA_SHARE/git/BilSrvStation_Server_PC/docs/cut_discr_preseed.rst:403: WARNING: Line block ends without a blank line.[39;49;00m
[91m/opt/SAMBA_SHARE/git/BilSrvStation_Server_PC/docs/cut_discr_preseed.rst:413: WARNING: Line block ends without a blank line.[39;49;00m
[91m/opt/SAMBA_SHARE/git/BilSrvStation_Server_PC/docs/cut_discr_preseed.rst:429: WARNING: Line block ends without a blank line.[39;49;00m
[91m/opt/SAMBA_SHARE/git/BilSrvStation_Server_PC/docs/cut_discr_preseed.rst:440: WARNING: Line block ends without a blank line.[39;49;00m
[91m/opt/SAMBA_SHARE/git/BilSrvStation_Server_PC/docs/cut_discr_preseed.rst:477: WARNING: Explicit markup ends without a blank line; unexpected unindent.[39;49;00m
[91m/opt/SAMBA_SHARE/git/BilSrvStation_Server_PC/docs/cut_discr_preseed.rst:478: WARNING: Line block ends without a blank line.[39;49;00m
[91m/opt/SAMBA_SHARE/git/BilSrvStation_Server_PC/docs/cut_discr_preseed.rst:501: WARNING: Line block ends without a blank line.[39;49;00m
[91m/opt/SAMBA_SHARE/git/BilSrvStation_Server_PC/docs/cut_discr_preseed.rst:512: WARNING: Line block ends without a blank line.[39;49;00m
[91m/opt/SAMBA_SHARE/git/BilSrvStation_Server_PC/docs/cut_discr_preseed.rst:522: WARNING: Line block ends without a blank line.[39;49;00m
[91m/opt/SAMBA_SHARE/git/BilSrvStation_Server_PC/docs/cut_discr_preseed.rst:534: WARNING: Line block ends without a blank line.[39;49;00m
[91m/opt/SAMBA_SHARE/git/BilSrvStation_Server_PC/docs/cut_discr_preseed.rst:544: WARNING: Line block ends without a blank line.[39;49;00m
[91m/opt/SAMBA_SHARE/git/BilSrvStation_Server_PC/docs/cut_discr_preseed.rst:552: WARNING: Line block ends without a blank line.[39;49;00m
[31m/opt/SAMBA_SHARE/git/BilSrvStation_Server_PC/docs/cut_discr_preseed.rst:554: ERROR: Error in "code-block" directive:
maximum 1 argument(s) allowed, 2 supplied.

.. code-block:: bash
        :linenos:


 Apt setup[39;49;00m
[91m/opt/SAMBA_SHARE/git/BilSrvStation_Server_PC/docs/cut_discr_preseed.rst:559: WARNING: Explicit markup ends without a blank line; unexpected unindent.[39;49;00m
/opt/SAMBA_SHARE/git/BilSrvStation_Server_PC/docs/cut_discr_preseed.rst:559: CRITICAL: Missing matching underline for section title overline.

~~~~~~~~~~
|        You can choose to install non-free and contrib software.
.. code-block:: bash
[91m/opt/SAMBA_SHARE/git/BilSrvStation_Server_PC/docs/cut_discr_preseed.rst:566: WARNING: Block quote ends without a blank line; unexpected unindent.[39;49;00m
[91m/opt/SAMBA_SHARE/git/BilSrvStation_Server_PC/docs/cut_discr_preseed.rst:569: WARNING: Line block ends without a blank line.[39;49;00m
[91m/opt/SAMBA_SHARE/git/BilSrvStation_Server_PC/docs/cut_discr_preseed.rst:578: WARNING: Line block ends without a blank line.[39;49;00m
[91m/opt/SAMBA_SHARE/git/BilSrvStation_Server_PC/docs/cut_discr_preseed.rst:590: WARNING: Line block ends without a blank line.[39;49;00m
[91m/opt/SAMBA_SHARE/git/BilSrvStation_Server_PC/docs/cut_discr_preseed.rst:603: WARNING: Line block ends without a blank line.[39;49;00m
[91m/opt/SAMBA_SHARE/git/BilSrvStation_Server_PC/docs/cut_discr_preseed.rst:611: WARNING: Line block ends without a blank line.[39;49;00m
[91m/opt/SAMBA_SHARE/git/BilSrvStation_Server_PC/docs/cut_discr_preseed.rst:626: WARNING: Line block ends without a blank line.[39;49;00m
[91m/opt/SAMBA_SHARE/git/BilSrvStation_Server_PC/docs/cut_discr_preseed.rst:634: WARNING: Line block ends without a blank line.[39;49;00m
[91m/opt/SAMBA_SHARE/git/BilSrvStation_Server_PC/docs/cut_discr_preseed.rst:645: WARNING: Line block ends without a blank line.[39;49;00m
[91m/opt/SAMBA_SHARE/git/BilSrvStation_Server_PC/docs/cut_discr_preseed.rst:655: WARNING: Line block ends without a blank line.[39;49;00m
[91m/opt/SAMBA_SHARE/git/BilSrvStation_Server_PC/docs/cut_discr_preseed.rst:662: WARNING: Line block ends without a blank line.[39;49;00m
[91m/opt/SAMBA_SHARE/git/BilSrvStation_Server_PC/docs/cut_discr_preseed.rst:669: WARNING: Line block ends without a blank line.[39;49;00m
[91m/opt/SAMBA_SHARE/git/BilSrvStation_Server_PC/docs/cut_discr_preseed.rst:674: WARNING: Explicit markup ends without a blank line; unexpected unindent.[39;49;00m
[91m/opt/SAMBA_SHARE/git/BilSrvStation_Server_PC/docs/cut_discr_preseed.rst:675: WARNING: Line block ends without a blank line.[39;49;00m
[91m/opt/SAMBA_SHARE/git/BilSrvStation_Server_PC/docs/cut_discr_preseed.rst:681: WARNING: Line block ends without a blank line.[39;49;00m
[91m/opt/SAMBA_SHARE/git/BilSrvStation_Server_PC/docs/cut_discr_preseed.rst:694: WARNING: Line block ends without a blank line.[39;49;00m
[91m/opt/SAMBA_SHARE/git/BilSrvStation_Server_PC/docs/cut_discr_preseed.rst:702: WARNING: Line block ends without a blank line.[39;49;00m
[91m/opt/SAMBA_SHARE/git/BilSrvStation_Server_PC/docs/cut_discr_preseed.rst:712: WARNING: Line block ends without a blank line.[39;49;00m
[91m/opt/SAMBA_SHARE/git/BilSrvStation_Server_PC/docs/cut_discr_preseed.rst:722: WARNING: Line block ends without a blank line.[39;49;00m
[91m/opt/SAMBA_SHARE/git/BilSrvStation_Server_PC/docs/cut_discr_preseed.rst:727: WARNING: Line block ends without a blank line.[39;49;00m
[91m/opt/SAMBA_SHARE/git/BilSrvStation_Server_PC/docs/cut_discr_preseed.rst:734: WARNING: Line block ends without a blank line.[39;49;00m
[91m/opt/SAMBA_SHARE/git/BilSrvStation_Server_PC/docs/cut_discr_preseed.rst:745: WARNING: Line block ends without a blank line.[39;49;00m
[91m/opt/SAMBA_SHARE/git/BilSrvStation_Server_PC/docs/cut_discr_preseed.rst:761: WARNING: Line block ends without a blank line.[39;49;00m
[91m/opt/SAMBA_SHARE/git/BilSrvStation_Server_PC/docs/cut_discr_preseed.rst:771: WARNING: Line block ends without a blank line.[39;49;00m
[91m/opt/SAMBA_SHARE/git/BilSrvStation_Server_PC/docs/cut_discr_preseed.rst:788: WARNING: Line block ends without a blank line.[39;49;00m
[91m/opt/SAMBA_SHARE/git/BilSrvStation_Server_PC/docs/cut_discr_preseed.rst:795: WARNING: Line block ends without a blank line.[39;49;00m
[91m/opt/SAMBA_SHARE/git/BilSrvStation_Server_PC/docs/cut_discr_preseed.rst:801: WARNING: Line block ends without a blank line.[39;49;00m
[91m/opt/SAMBA_SHARE/git/BilSrvStation_Server_PC/docs/cut_discr_preseed.rst:813: WARNING: Explicit markup ends without a blank line; unexpected unindent.[39;49;00m
[91m/opt/SAMBA_SHARE/git/BilSrvStation_Server_PC/docs/cut_discr_preseed.rst:814: WARNING: Line block ends without a blank line.[39;49;00m
[31m/opt/SAMBA_SHARE/git/BilSrvStation_Server_PC/docs/cut_discr_preseed.rst:3: ERROR: Undefined substitution referenced: "author".[39;49;00m
