мая 07 19:47:01 BilSrvStation audit[1063]: AVC avc:  denied  { transition } for  pid=1063 comm="cron" path="/usr/bin/dash" dev="nvme0n1p3" ino=2492120 scontext=system_u:system_r:crond_t:s0-s0:c0.c1023 tcontext=root:system_r:system_cronjob_t:s0-s0:c0.c1023 tclass=process permissive=0
мая 07 19:47:01 BilSrvStation audit[1065]: AVC avc:  denied  { transition } for  pid=1065 comm="cron" path="/usr/bin/dash" dev="nvme0n1p3" ino=2492120 scontext=system_u:system_r:crond_t:s0-s0:c0.c1023 tcontext=root:system_r:system_cronjob_t:s0-s0:c0.c1023 tclass=process permissive=0
мая 07 19:47:01 BilSrvStation audit[1062]: AVC avc:  denied  { transition } for  pid=1062 comm="cron" path="/usr/bin/dash" dev="nvme0n1p3" ino=2492120 scontext=system_u:system_r:crond_t:s0-s0:c0.c1023 tcontext=unconfined_u:system_r:system_cronjob_t:s0-s0:c0.c1023 tclass=process permissive=0
мая 07 19:47:01 BilSrvStation audit[1067]: AVC avc:  denied  { transition } for  pid=1067 comm="cron" path="/usr/bin/dash" dev="nvme0n1p3" ino=2492120 scontext=system_u:system_r:crond_t:s0-s0:c0.c1023 tcontext=unconfined_u:system_r:system_cronjob_t:s0-s0:c0.c1023 tclass=process permissive=0
мая 07 19:48:01 BilSrvStation audit[1260]: AVC avc:  denied  { transition } for  pid=1260 comm="cron" path="/usr/bin/dash" dev="nvme0n1p3" ino=2492120 scontext=system_u:system_r:crond_t:s0-s0:c0.c1023 tcontext=unconfined_u:system_r:system_cronjob_t:s0-s0:c0.c1023 tclass=process permissive=0
мая 07 19:48:01 BilSrvStation audit[1259]: AVC avc:  denied  { transition } for  pid=1259 comm="cron" path="/usr/bin/dash" dev="nvme0n1p3" ino=2492120 scontext=system_u:system_r:crond_t:s0-s0:c0.c1023 tcontext=unconfined_u:system_r:system_cronjob_t:s0-s0:c0.c1023 tclass=process permissive=0
мая 07 19:48:01 BilSrvStation audit[1262]: AVC avc:  denied  { transition } for  pid=1262 comm="cron" path="/usr/bin/dash" dev="nvme0n1p3" ino=2492120 scontext=system_u:system_r:crond_t:s0-s0:c0.c1023 tcontext=root:system_r:system_cronjob_t:s0-s0:c0.c1023 tclass=process permissive=0
мая 07 19:48:01 BilSrvStation audit[1266]: AVC avc:  denied  { transition } for  pid=1266 comm="cron" path="/usr/bin/dash" dev="nvme0n1p3" ino=2492120 scontext=system_u:system_r:crond_t:s0-s0:c0.c1023 tcontext=root:system_r:system_cronjob_t:s0-s0:c0.c1023 tclass=process permissive=0
мая 07 19:49:01 BilSrvStation audit[1285]: AVC avc:  denied  { transition } for  pid=1285 comm="cron" path="/usr/bin/dash" dev="nvme0n1p3" ino=2492120 scontext=system_u:system_r:crond_t:s0-s0:c0.c1023 tcontext=root:system_r:system_cronjob_t:s0-s0:c0.c1023 tclass=process permissive=0
мая 07 19:49:01 BilSrvStation audit[1291]: AVC avc:  denied  { transition } for  pid=1291 comm="cron" path="/usr/bin/dash" dev="nvme0n1p3" ino=2492120 scontext=system_u:system_r:crond_t:s0-s0:c0.c1023 tcontext=root:system_r:system_cronjob_t:s0-s0:c0.c1023 tclass=process permissive=0
мая 07 19:49:01 BilSrvStation audit[1294]: AVC avc:  denied  { transition } for  pid=1294 comm="cron" path="/usr/bin/dash" dev="nvme0n1p3" ino=2492120 scontext=system_u:system_r:crond_t:s0-s0:c0.c1023 tcontext=unconfined_u:system_r:system_cronjob_t:s0-s0:c0.c1023 tclass=process permissive=0
мая 07 19:49:01 BilSrvStation audit[1292]: AVC avc:  denied  { transition } for  pid=1292 comm="cron" path="/usr/bin/dash" dev="nvme0n1p3" ino=2492120 scontext=system_u:system_r:crond_t:s0-s0:c0.c1023 tcontext=unconfined_u:system_r:system_cronjob_t:s0-s0:c0.c1023 tclass=process permissive=0
мая 07 19:50:01 BilSrvStation audit[1313]: AVC avc:  denied  { transition } for  pid=1313 comm="cron" path="/usr/bin/dash" dev="nvme0n1p3" ino=2492120 scontext=system_u:system_r:crond_t:s0-s0:c0.c1023 tcontext=unconfined_u:system_r:system_cronjob_t:s0-s0:c0.c1023 tclass=process permissive=0
мая 07 19:50:01 BilSrvStation audit[1316]: AVC avc:  denied  { transition } for  pid=1316 comm="cron" path="/usr/bin/dash" dev="nvme0n1p3" ino=2492120 scontext=system_u:system_r:crond_t:s0-s0:c0.c1023 tcontext=root:system_r:system_cronjob_t:s0-s0:c0.c1023 tclass=process permissive=0
мая 07 19:50:01 BilSrvStation audit[1317]: AVC avc:  denied  { transition } for  pid=1317 comm="cron" path="/usr/bin/dash" dev="nvme0n1p3" ino=2492120 scontext=system_u:system_r:crond_t:s0-s0:c0.c1023 tcontext=root:system_r:system_cronjob_t:s0-s0:c0.c1023 tclass=process permissive=0
мая 07 19:50:01 BilSrvStation audit[1318]: AVC avc:  denied  { transition } for  pid=1318 comm="cron" path="/usr/bin/dash" dev="nvme0n1p3" ino=2492120 scontext=system_u:system_r:crond_t:s0-s0:c0.c1023 tcontext=unconfined_u:system_r:system_cronjob_t:s0-s0:c0.c1023 tclass=process permissive=0
мая 07 19:50:47 BilSrvStation audit[1328]: AVC avc:  denied  { write } for  pid=1328 comm="sudo" path="/root/log.log" dev="nvme0n1p3" ino=1310754 scontext=root:sysadm_r:sysadm_sudo_t:s0-s0:c0.c1023 tcontext=unconfined_u:object_r:user_home_t:s0 tclass=file permissive=0
мая 07 19:50:47 BilSrvStation sudo[1328]:    admin : TTY=pts/0 ; PWD=/root ; USER=root ; COMMAND=/usr/bin/grep AVC
мая 07 19:51:01 BilSrvStation audit[1342]: AVC avc:  denied  { transition } for  pid=1342 comm="cron" path="/usr/bin/dash" dev="nvme0n1p3" ino=2492120 scontext=system_u:system_r:crond_t:s0-s0:c0.c1023 tcontext=unconfined_u:system_r:system_cronjob_t:s0-s0:c0.c1023 tclass=process permissive=0
мая 07 19:51:01 BilSrvStation audit[1348]: AVC avc:  denied  { transition } for  pid=1348 comm="cron" path="/usr/bin/dash" dev="nvme0n1p3" ino=2492120 scontext=system_u:system_r:crond_t:s0-s0:c0.c1023 tcontext=root:system_r:system_cronjob_t:s0-s0:c0.c1023 tclass=process permissive=0
мая 07 19:51:01 BilSrvStation audit[1352]: AVC avc:  denied  { transition } for  pid=1352 comm="cron" path="/usr/bin/dash" dev="nvme0n1p3" ino=2492120 scontext=system_u:system_r:crond_t:s0-s0:c0.c1023 tcontext=root:system_r:system_cronjob_t:s0-s0:c0.c1023 tclass=process permissive=0
мая 07 19:51:01 BilSrvStation audit[1347]: AVC avc:  denied  { transition } for  pid=1347 comm="cron" path="/usr/bin/dash" dev="nvme0n1p3" ino=2492120 scontext=system_u:system_r:crond_t:s0-s0:c0.c1023 tcontext=unconfined_u:system_r:system_cronjob_t:s0-s0:c0.c1023 tclass=process permissive=0
мая 07 19:51:28 BilSrvStation sudo[1357]:    admin : TTY=pts/0 ; PWD=/root ; USER=root ; COMMAND=/usr/bin/grep AVC log.log
мая 07 19:51:38 BilSrvStation sudo[1369]:    admin : TTY=pts/0 ; PWD=/root ; USER=root ; COMMAND=/usr/bin/grep AVC
мая 07 19:51:42 BilSrvStation audit[1375]: AVC avc:  denied  { write } for  pid=1375 comm="sudo" path="/root/log.log" dev="nvme0n1p3" ino=1310754 scontext=root:sysadm_r:sysadm_sudo_t:s0-s0:c0.c1023 tcontext=unconfined_u:object_r:user_home_t:s0 tclass=file permissive=0
мая 07 19:51:42 BilSrvStation sudo[1375]:    admin : TTY=pts/0 ; PWD=/root ; USER=root ; COMMAND=/usr/bin/grep AVC
мая 07 19:51:59 BilSrvStation sudo[1380]:    admin : TTY=pts/0 ; PWD=/root ; USER=root ; COMMAND=/usr/bin/grep AVC log.log
мая 07 19:52:01 BilSrvStation audit[1396]: AVC avc:  denied  { transition } for  pid=1396 comm="cron" path="/usr/bin/dash" dev="nvme0n1p3" ino=2492120 scontext=system_u:system_r:crond_t:s0-s0:c0.c1023 tcontext=unconfined_u:system_r:system_cronjob_t:s0-s0:c0.c1023 tclass=process permissive=0
мая 07 19:52:01 BilSrvStation audit[1397]: AVC avc:  denied  { transition } for  pid=1397 comm="cron" path="/usr/bin/dash" dev="nvme0n1p3" ino=2492120 scontext=system_u:system_r:crond_t:s0-s0:c0.c1023 tcontext=root:system_r:system_cronjob_t:s0-s0:c0.c1023 tclass=process permissive=0
мая 07 19:52:01 BilSrvStation audit[1398]: AVC avc:  denied  { transition } for  pid=1398 comm="cron" path="/usr/bin/dash" dev="nvme0n1p3" ino=2492120 scontext=system_u:system_r:crond_t:s0-s0:c0.c1023 tcontext=unconfined_u:system_r:system_cronjob_t:s0-s0:c0.c1023 tclass=process permissive=0
мая 07 19:52:01 BilSrvStation audit[1402]: AVC avc:  denied  { transition } for  pid=1402 comm="cron" path="/usr/bin/dash" dev="nvme0n1p3" ino=2492120 scontext=system_u:system_r:crond_t:s0-s0:c0.c1023 tcontext=root:system_r:system_cronjob_t:s0-s0:c0.c1023 tclass=process permissive=0
мая 07 19:52:39 BilSrvStation audit[1418]: AVC avc:  denied  { write } for  pid=1418 comm="sudo" path="/root/log.log" dev="nvme0n1p3" ino=1310754 scontext=root:sysadm_r:sysadm_sudo_t:s0-s0:c0.c1023 tcontext=unconfined_u:object_r:user_home_t:s0 tclass=file permissive=0
мая 07 19:52:39 BilSrvStation sudo[1418]:    admin : TTY=pts/0 ; PWD=/root ; USER=root ; COMMAND=/usr/bin/grep AVC
мая 07 19:52:48 BilSrvStation audit[1424]: USER_CMD pid=1424 uid=1100 auid=1100 ses=1 subj=root:sysadm_r:sysadm_sudo_t:s0-s0:c0.c1023 msg='cwd="/root" cmd="AVC" exe="/usr/bin/sudo" terminal=pts/0 res=failed'
мая 07 19:53:01 BilSrvStation audit[1440]: AVC avc:  denied  { transition } for  pid=1440 comm="cron" path="/usr/bin/dash" dev="nvme0n1p3" ino=2492120 scontext=system_u:system_r:crond_t:s0-s0:c0.c1023 tcontext=unconfined_u:system_r:system_cronjob_t:s0-s0:c0.c1023 tclass=process permissive=0
мая 07 19:53:01 BilSrvStation audit[1442]: AVC avc:  denied  { transition } for  pid=1442 comm="cron" path="/usr/bin/dash" dev="nvme0n1p3" ino=2492120 scontext=system_u:system_r:crond_t:s0-s0:c0.c1023 tcontext=root:system_r:system_cronjob_t:s0-s0:c0.c1023 tclass=process permissive=0
мая 07 19:53:01 BilSrvStation audit[1443]: AVC avc:  denied  { transition } for  pid=1443 comm="cron" path="/usr/bin/dash" dev="nvme0n1p3" ino=2492120 scontext=system_u:system_r:crond_t:s0-s0:c0.c1023 tcontext=unconfined_u:system_r:system_cronjob_t:s0-s0:c0.c1023 tclass=process permissive=0
мая 07 19:53:01 BilSrvStation audit[1444]: AVC avc:  denied  { transition } for  pid=1444 comm="cron" path="/usr/bin/dash" dev="nvme0n1p3" ino=2492120 scontext=system_u:system_r:crond_t:s0-s0:c0.c1023 tcontext=root:system_r:system_cronjob_t:s0-s0:c0.c1023 tclass=process permissive=0
мая 07 19:53:03 BilSrvStation sudo[1451]:    admin : TTY=pts/0 ; PWD=/root ; USER=root ; COMMAND=/usr/bin/grep AVC
мая 07 19:53:16 BilSrvStation sudo[1457]:    admin : TTY=pts/0 ; PWD=/root ; USER=root ; COMMAND=/usr/bin/grep AVC
мая 07 19:54:01 BilSrvStation audit[1479]: AVC avc:  denied  { transition } for  pid=1479 comm="cron" path="/usr/bin/dash" dev="nvme0n1p3" ino=2492120 scontext=system_u:system_r:crond_t:s0-s0:c0.c1023 tcontext=root:system_r:system_cronjob_t:s0-s0:c0.c1023 tclass=process permissive=0
мая 07 19:54:01 BilSrvStation audit[1481]: AVC avc:  denied  { transition } for  pid=1481 comm="cron" path="/usr/bin/dash" dev="nvme0n1p3" ino=2492120 scontext=system_u:system_r:crond_t:s0-s0:c0.c1023 tcontext=unconfined_u:system_r:system_cronjob_t:s0-s0:c0.c1023 tclass=process permissive=0
мая 07 19:54:01 BilSrvStation audit[1485]: AVC avc:  denied  { transition } for  pid=1485 comm="cron" path="/usr/bin/dash" dev="nvme0n1p3" ino=2492120 scontext=system_u:system_r:crond_t:s0-s0:c0.c1023 tcontext=unconfined_u:system_r:system_cronjob_t:s0-s0:c0.c1023 tclass=process permissive=0
мая 07 19:54:01 BilSrvStation audit[1490]: AVC avc:  denied  { transition } for  pid=1490 comm="cron" path="/usr/bin/dash" dev="nvme0n1p3" ino=2492120 scontext=system_u:system_r:crond_t:s0-s0:c0.c1023 tcontext=root:system_r:system_cronjob_t:s0-s0:c0.c1023 tclass=process permissive=0
